2025-05-13 09:06:36,107 - semgrep.notifications - WARNING - METRICS: Using configs from the Registry (like --config=p/ci) reports pseudonymous rule metrics to semgrep.dev.
To disable Registry rule metrics, use "--metrics=off".
Using configs only from local files (like --config=xyz.yml) does not enable metrics.

More information: https://semgrep.dev/docs/metrics

2025-05-13 09:06:36,108 - semgrep.run_scan - DEBUG - semgrep version 1.2.0
2025-05-13 09:06:36,114 - semgrep.git - DEBUG - Failed to get project url from 'git ls-remote': Command failed with exit code: 128
-----
Command failed with output:
fatal: No remote configured to list refs from.


Failed to run 'git ls-remote --get-url'. Possible reasons:

- the git binary is not available
- the current working directory is not a git repository
- the baseline commit is not a parent of the current commit
    (if you are running through semgrep-app, check if you are setting `SEMGREP_BRANCH` or `SEMGREP_BASELINE_COMMIT` properly)
- the current working directory is not marked as safe
    (fix with `git config --global --add safe.directory $(pwd)`)

Try running the command yourself to debug the issue.
2025-05-13 09:06:36,115 - semgrep.config_resolver - DEBUG - Loading local config from /home/runner/workspace/.config/.semgrep/semgrep_rules.json
2025-05-13 09:06:36,118 - semgrep.config_resolver - DEBUG - Done loading local config from /home/runner/workspace/.config/.semgrep/semgrep_rules.json
2025-05-13 09:06:36,123 - semgrep.config_resolver - DEBUG - Saving rules to /tmp/semgrep-kw10zewq.rules
2025-05-13 09:06:36,451 - semgrep.semgrep_core - DEBUG - Failed to open resource semgrep-core-proprietary: [Errno 2] No such file or directory: '/tmp/_MEIOjU3WI/semgrep/bin/semgrep-core-proprietary'.
2025-05-13 09:06:37,394 - semgrep.rule_lang - DEBUG - semgrep-core validation response: valid=True
2025-05-13 09:06:37,394 - semgrep.rule_lang - DEBUG - semgrep-core validation succeeded
2025-05-13 09:06:37,394 - semgrep.rule_lang - DEBUG - RPC validation succeeded
2025-05-13 09:06:37,395 - semgrep.config_resolver - DEBUG - loaded 1 configs in 1.2799959182739258
2025-05-13 09:06:37,689 - semgrep.run_scan - VERBOSE - running 1250 rules from 1 config /home/runner/workspace/.config/.semgrep/semgrep_rules.json_0
2025-05-13 09:06:37,689 - semgrep.run_scan - VERBOSE - No .semgrepignore found. Using default .semgrepignore rules. See the docs for the list of default ignores: https://semgrep.dev/docs/cli-usage/#ignore-files
2025-05-13 09:06:37,693 - semgrep.run_scan - VERBOSE - Rules:
2025-05-13 09:06:37,693 - semgrep.run_scan - VERBOSE - <SKIPPED DATA (too many entries; use --max-log-list-entries)>
2025-05-13 09:06:38,274 - semgrep.core_runner - DEBUG - Passing whole rules directly to semgrep_core
2025-05-13 09:06:38,527 - semgrep.core_runner - DEBUG - Running Semgrep engine with command:
2025-05-13 09:06:38,528 - semgrep.core_runner - DEBUG - /tmp/_MEIOjU3WI/semgrep/bin/opengrep-core -json -rules /tmp/tmpztm8ckd4.json -j 8 -targets /tmp/tmpc5v_zeye -timeout 5 -timeout_threshold 3 -max_memory 0 -fast
2025-05-13 09:07:33,264 - semgrep.core_runner - DEBUG - --- semgrep-core stderr ---
[00.08][[34mINFO[0m]: Executed as: /tmp/_MEIOjU3WI/semgrep/bin/opengrep-core -json -rules /tmp/tmpztm8ckd4.json -j 8 -targets /tmp/tmpc5v_zeye -timeout 5 -timeout_threshold 3 -max_memory 0 -fast
[00.08][[34mINFO[0m]: Version: 1.2.0
[00.08][[34mINFO[0m]: Parsing rules in /tmp/tmpztm8ckd4.json
[00.97][[34mINFO[0m]: scan: processing 308 files (skipping 0), with 474 rules (skipping 0 )
[03.51][[33mWARNING[0m]: Fixpoint timeout while performing taint analysis [rule: config..semgrep.vendored-rules.javascript.lang.security.audit.unsafe-formatstring file: .next/static/chunks/webpack.js func: applyHandler:6807]
[0m[03.51][[33mWARNING[0m]: Fixpoint timeout while performing taint analysis [rule: config..semgrep.vendored-rules.javascript.lang.security.audit.unsafe-formatstring file: .next/static/chunks/webpack.js func: applyHandler:6807]
[0m[09.02][[33mWARNING[0m]: Fixpoint timeout while performing taint analysis [rule: config..semgrep.vendored-rules.typescript.react.security.audit.react-unsanitized-method file: .next/static/chunks/polyfills.js func: ???]
[0m[10.90][[33mWARNING[0m]: Fixpoint timeout while performing taint analysis [rule: config..semgrep.vendored-rules.typescript.react.security.audit.react-href-var file: .next/static/chunks/polyfills.js func: ???]
[0m[12.55][[33mWARNING[0m]: Fixpoint timeout while performing taint analysis [rule: config..semgrep.vendored-rules.javascript.lang.security.audit.sqli.node-postgres-sqli file: .next/static/chunks/polyfills.js func: ???]
[0m[14.38][[33mWARNING[0m]: Fixpoint timeout while performing taint analysis [rule: config..semgrep.vendored-rules.javascript.lang.security.audit.path-traversal.path-join-resolve-traversal file: .next/static/chunks/polyfills.js func: ???]
[0m[15.18][[33mWARNING[0m]: Fixpoint timeout while performing taint analysis [rule: config..semgrep.vendored-rules.javascript.lang.security.audit.unsafe-formatstring file: .next/static/chunks/polyfills.js func: ???]
[0m[16.75][[33mWARNING[0m]: Fixpoint timeout while performing taint analysis [rule: config..semgrep.vendored-rules.javascript.lang.security.audit.detect-non-literal-require file: .next/static/chunks/polyfills.js func: ???]
[0m[18.38][[33mWARNING[0m]: Fixpoint timeout while performing taint analysis [rule: config..semgrep.vendored-rules.javascript.lang.security.audit.detect-non-literal-regexp file: .next/static/chunks/polyfills.js func: ???]
[0m[22.68][[33mWARNING[0m]: Fixpoint timeout while performing taint analysis [rule: config..semgrep.vendored-rules.javascript.lang.security.audit.detect-non-literal-fs-filename file: .next/static/chunks/polyfills.js func: ???]
[0m[23.39][[33mWARNING[0m]: Fixpoint timeout while performing taint analysis [rule: config..semgrep.vendored-rules.javascript.lang.security.insecure-object-assign file: .next/static/chunks/polyfills.js func: ???]
[0m[25.10][[33mWARNING[0m]: Fixpoint timeout while performing taint analysis [rule: config..semgrep.vendored-rules.javascript.lang.security.detect-eval-with-expression file: .next/static/chunks/polyfills.js func: ???]
[0m[26.52][[33mWARNING[0m]: Fixpoint timeout while performing taint analysis [rule: config..semgrep.vendored-rules.javascript.express.security.injection.tainted-sql-string file: .next/static/chunks/polyfills.js func: ???]
[0m[27.81][[33mWARNING[0m]: Fixpoint timeout while performing taint analysis [rule: config..semgrep.vendored-rules.javascript.express.security.injection.raw-html-format file: .next/static/chunks/polyfills.js func: ???]
[0m[30.38][[33mWARNING[0m]: Fixpoint timeout while performing taint analysis [rule: config..semgrep.vendored-rules.javascript.express.security.audit.xss.direct-response-write file: .next/static/chunks/polyfills.js func: ???]
[0m[39.82][[33mWARNING[0m]: Fixpoint timeout while performing taint analysis [rule: config..semgrep.vendored-rules.javascript.express.security.audit.express-ssrf file: .next/static/chunks/polyfills.js func: ???]
[0m[40.47][[33mWARNING[0m]: Fixpoint timeout while performing taint analysis [rule: config..semgrep.vendored-rules.javascript.express.security.audit.express-path-join-resolve-traversal file: .next/static/chunks/polyfills.js func: ???]
[0m[42.34][[33mWARNING[0m]: Fixpoint timeout while performing taint analysis [rule: config..semgrep.vendored-rules.javascript.express.security.audit.express-open-redirect file: .next/static/chunks/polyfills.js func: ???]
[0m[43.18][[33mWARNING[0m]: Fixpoint timeout while performing taint analysis [rule: config..semgrep.vendored-rules.javascript.express.security.x-frame-options-misconfiguration file: .next/static/chunks/polyfills.js func: ???]
[0m[43.91][[33mWARNING[0m]: Fixpoint timeout while performing taint analysis [rule: config..semgrep.vendored-rules.javascript.express.security.require-request file: .next/static/chunks/polyfills.js func: ???]
[0m[44.83][[33mWARNING[0m]: Fixpoint timeout while performing taint analysis [rule: config..semgrep.vendored-rules.javascript.express.security.express-vm-injection file: .next/static/chunks/polyfills.js func: ???]
[0m[45.40][[33mWARNING[0m]: Fixpoint timeout while performing taint analysis [rule: config..semgrep.vendored-rules.javascript.express.security.express-data-exfiltration file: .next/static/chunks/polyfills.js func: ???]
[0m[45.94][[33mWARNING[0m]: Fixpoint timeout while performing taint analysis [rule: config..semgrep.vendored-rules.javascript.express.security.cors-misconfiguration file: .next/static/chunks/polyfills.js func: ???]
[0m[46.51][[33mWARNING[0m]: Fixpoint timeout while performing taint analysis [rule: config..semgrep.vendored-rules.javascript.browser.security.raw-html-concat file: .next/static/chunks/polyfills.js func: ???]
[0m[47.41][[33mWARNING[0m]: Fixpoint timeout while performing taint analysis [rule: config..semgrep.vendored-rules.javascript.browser.security.js-open-redirect file: .next/static/chunks/polyfills.js func: ???]
[0m[49.10][[33mWARNING[0m]: Fixpoint timeout while performing taint analysis [rule: config..semgrep.vendored-rules.javascript.browser.security.js-open-redirect-from-function file: .next/static/chunks/polyfills.js func: ???]
[0m[54.63][[34mINFO[0m]: Custom ignore pattern: None
[54.63][[34mINFO[0m]: Custom ignore pattern: None
--- end semgrep-core stderr ---
2025-05-13 09:07:33,272 - semgrep.rule_match - DEBUG - match_key = ('', PosixPath('.next/server/webpack-runtime.js'), 'config..semgrep.vendored-rules.javascript.lang.security.audit.unsafe-dynamic-method') match_id = 08e389adf0873166bc90006ff3801d1e5438b64ebcabdf370fe000818a7cb3913a31279dd1c2f2e9915ed5d32c7bc269be50d69d7ab2cd315ea927b2cae4898a_0
2025-05-13 09:07:33,273 - semgrep.rule_match - DEBUG - match_key = ('"..."\n (moduleId: float)\n moduleId __webpack_modules__[moduleId](...) $Y = __webpack_modules__[moduleId]\n...\n$Y(...)\n $SMTH.forEach(...)\n $SMTH.map(...)\n $SMTH.reduce(...)\n $SMTH.reduceRight(...)\n for (...) {...}\n if (<... __webpack_modules__.hasOwnProperty(...) ...>) {\n  ...\n}\n...\n', PosixPath('.next/server/webpack-runtime.js'), 'config..semgrep.vendored-rules.javascript.lang.security.audit.unsafe-dynamic-method') match_id = c29f398989e9177d40b855dc981ed86a764c138960dd167ccf1429750921dee1910921242ded77bbc050736bcc939d361047a81130bff8b5585e16ac888cb1f6_0
2025-05-13 09:07:33,273 - semgrep.rule_match - DEBUG - match_key = ('"..."\n (moduleId: float)\n moduleId __webpack_modules__[moduleId](...) $Y = __webpack_modules__[moduleId]\n...\n$Y(...)\n $SMTH.forEach(...)\n $SMTH.map(...)\n $SMTH.reduce(...)\n $SMTH.reduceRight(...)\n for (...) {...}\n if (<... __webpack_modules__.hasOwnProperty(...) ...>) {\n  ...\n}\n...\n', PosixPath('.next/server/webpack-runtime.js'), 'config..semgrep.vendored-rules.javascript.lang.security.audit.unsafe-dynamic-method') match_id = c29f398989e9177d40b855dc981ed86a764c138960dd167ccf1429750921dee1910921242ded77bbc050736bcc939d361047a81130bff8b5585e16ac888cb1f6_0
2025-05-13 09:07:33,274 - semgrep.rule_match - DEBUG - match_key = ('"..."\n (moduleId: float)\n moduleId __webpack_modules__[moduleId](...) $Y = __webpack_modules__[moduleId]\n...\n$Y(...)\n $SMTH.forEach(...)\n $SMTH.map(...)\n $SMTH.reduce(...)\n $SMTH.reduceRight(...)\n for (...) {...}\n if (<... __webpack_modules__.hasOwnProperty(...) ...>) {\n  ...\n}\n...\n', PosixPath('.next/server/webpack-runtime.js'), 'config..semgrep.vendored-rules.javascript.lang.security.audit.unsafe-dynamic-method') match_id = c29f398989e9177d40b855dc981ed86a764c138960dd167ccf1429750921dee1910921242ded77bbc050736bcc939d361047a81130bff8b5585e16ac888cb1f6_0
2025-05-13 09:07:33,275 - semgrep.rule_match - DEBUG - match_key = ('', PosixPath('.next/server/webpack-runtime.js'), 'config..semgrep.vendored-rules.javascript.lang.security.audit.detect-non-literal-require') match_id = c46adccbdf98b42a8957adea21f4744aca81014b000c9da5366821e44f416b7cec2bedf8af638506016cf1463f55fe85c847e18725ea1eecc7a0e82878dba3c2_0
2025-05-13 09:07:33,275 - semgrep.rule_match - DEBUG - match_key = ('chunkId function ... (..., chunkId,...) {...} require(...)', PosixPath('.next/server/webpack-runtime.js'), 'config..semgrep.vendored-rules.javascript.lang.security.audit.detect-non-literal-require') match_id = 615b6e8400ba3d205f9707acaf0fa5c076e9c6c6d867e09b748de62eb4f8ebfb68f0292046de44cd6ebc2b6c52c941dbb2456e95e6fe849bbc6433c2fbb9bcba_0
2025-05-13 09:07:33,276 - semgrep.rule_match - DEBUG - match_key = ('chunkId function ... (..., chunkId,...) {...} require(...)', PosixPath('.next/server/webpack-runtime.js'), 'config..semgrep.vendored-rules.javascript.lang.security.audit.detect-non-literal-require') match_id = 615b6e8400ba3d205f9707acaf0fa5c076e9c6c6d867e09b748de62eb4f8ebfb68f0292046de44cd6ebc2b6c52c941dbb2456e95e6fe849bbc6433c2fbb9bcba_0
2025-05-13 09:07:33,276 - semgrep.rule_match - DEBUG - match_key = ('chunkId function ... (..., chunkId,...) {...} require(...)', PosixPath('.next/server/webpack-runtime.js'), 'config..semgrep.vendored-rules.javascript.lang.security.audit.detect-non-literal-require') match_id = 615b6e8400ba3d205f9707acaf0fa5c076e9c6c6d867e09b748de62eb4f8ebfb68f0292046de44cd6ebc2b6c52c941dbb2456e95e6fe849bbc6433c2fbb9bcba_0
2025-05-13 09:07:33,277 - semgrep.rule_match - DEBUG - match_key = ('', PosixPath('.next/static/chunks/_error.js'), 'config..semgrep.vendored-rules.javascript.browser.security.eval-detected') match_id = e7852afbda630c8e65e216694ce42d3e362cd39470cf22a05ef50b88a5fa0abf3b6b9e49f920a39c7435f35a956e6487c477a8cd8d7929f1dd2913a05647e24b_0
2025-05-13 09:07:33,278 - semgrep.rule_match - DEBUG - match_key = ('eval("...") eval(...)', PosixPath('.next/static/chunks/_error.js'), 'config..semgrep.vendored-rules.javascript.browser.security.eval-detected') match_id = 271de78dbcd453ccc84d6c6b42c2ecdcb9ff20b8ba850b7f1918d22fe263d25ec3f6cf9af6f2f45ebc75b7609bdb48a0a5db5fd7cd6309a94d4003fa3b475425_0
2025-05-13 09:07:33,279 - semgrep.rule_match - DEBUG - match_key = ('eval("...") eval(...)', PosixPath('.next/static/chunks/_error.js'), 'config..semgrep.vendored-rules.javascript.browser.security.eval-detected') match_id = 271de78dbcd453ccc84d6c6b42c2ecdcb9ff20b8ba850b7f1918d22fe263d25ec3f6cf9af6f2f45ebc75b7609bdb48a0a5db5fd7cd6309a94d4003fa3b475425_0
2025-05-13 09:07:33,280 - semgrep.rule_match - DEBUG - match_key = ('eval("...") eval(...)', PosixPath('.next/static/chunks/_error.js'), 'config..semgrep.vendored-rules.javascript.browser.security.eval-detected') match_id = 271de78dbcd453ccc84d6c6b42c2ecdcb9ff20b8ba850b7f1918d22fe263d25ec3f6cf9af6f2f45ebc75b7609bdb48a0a5db5fd7cd6309a94d4003fa3b475425_0
2025-05-13 09:07:33,281 - semgrep.rule_match - DEBUG - match_key = ('', PosixPath('.next/static/chunks/pages/_error.js'), 'config..semgrep.vendored-rules.javascript.browser.security.eval-detected') match_id = d00e2004e1694e007f55cab6e652086f086c9515742b4733235be2871a3c8716466d0527b89bb6f69d72c2508c2401c825d606e7a3e5eb3ae44b03ae49e7fc95_0
2025-05-13 09:07:33,282 - semgrep.rule_match - DEBUG - match_key = ('eval("...") eval(...)', PosixPath('.next/static/chunks/pages/_error.js'), 'config..semgrep.vendored-rules.javascript.browser.security.eval-detected') match_id = b5ec2c80da9b266eebdf99ff1c8c225dbaa9dbfe16161c75328c192ab91a53b8900105a9858ac264c0eb3e0e2fb5d4aaef813e880e21d0320b7fcfa00c6e3819_0
2025-05-13 09:07:33,283 - semgrep.rule_match - DEBUG - match_key = ('eval("...") eval(...)', PosixPath('.next/static/chunks/pages/_error.js'), 'config..semgrep.vendored-rules.javascript.browser.security.eval-detected') match_id = b5ec2c80da9b266eebdf99ff1c8c225dbaa9dbfe16161c75328c192ab91a53b8900105a9858ac264c0eb3e0e2fb5d4aaef813e880e21d0320b7fcfa00c6e3819_0
2025-05-13 09:07:33,284 - semgrep.rule_match - DEBUG - match_key = ('eval("...") eval(...)', PosixPath('.next/static/chunks/pages/_error.js'), 'config..semgrep.vendored-rules.javascript.browser.security.eval-detected') match_id = b5ec2c80da9b266eebdf99ff1c8c225dbaa9dbfe16161c75328c192ab91a53b8900105a9858ac264c0eb3e0e2fb5d4aaef813e880e21d0320b7fcfa00c6e3819_0
2025-05-13 09:07:33,290 - semgrep.rule_match - DEBUG - match_key = ('', PosixPath('.next/static/chunks/pages/index.js'), 'config..semgrep.vendored-rules.javascript.browser.security.eval-detected') match_id = b99b0e32ca4305d5a723283775c54b882d50bbdb5d030e3e9abeff582689b7cfc3fdf438c254f2997b68558f89a06ea235ca0b9c50882f315e97da740b7957fd_0
2025-05-13 09:07:33,297 - semgrep.rule_match - DEBUG - match_key = ('eval("...") eval(...)', PosixPath('.next/static/chunks/pages/index.js'), 'config..semgrep.vendored-rules.javascript.browser.security.eval-detected') match_id = c8c0ee1ce524aa23102314611601ab7d362ae424fc9f28076d4b1cda6cbebcd9da53f7a9d8a1ce4350ae80ab55f16563bffa841486e52cc1c3971b97e14f9187_0
2025-05-13 09:07:33,304 - semgrep.rule_match - DEBUG - match_key = ('eval("...") eval(...)', PosixPath('.next/static/chunks/pages/index.js'), 'config..semgrep.vendored-rules.javascript.browser.security.eval-detected') match_id = c8c0ee1ce524aa23102314611601ab7d362ae424fc9f28076d4b1cda6cbebcd9da53f7a9d8a1ce4350ae80ab55f16563bffa841486e52cc1c3971b97e14f9187_0
2025-05-13 09:07:33,314 - semgrep.rule_match - DEBUG - match_key = ('eval("...") eval(...)', PosixPath('.next/static/chunks/pages/index.js'), 'config..semgrep.vendored-rules.javascript.browser.security.eval-detected') match_id = c8c0ee1ce524aa23102314611601ab7d362ae424fc9f28076d4b1cda6cbebcd9da53f7a9d8a1ce4350ae80ab55f16563bffa841486e52cc1c3971b97e14f9187_0
2025-05-13 09:07:33,330 - semgrep.rule_match - DEBUG - match_key = ('', PosixPath('.next/static/chunks/pages/index.js'), 'config..semgrep.vendored-rules.javascript.browser.security.eval-detected') match_id = b99b0e32ca4305d5a723283775c54b882d50bbdb5d030e3e9abeff582689b7cfc3fdf438c254f2997b68558f89a06ea235ca0b9c50882f315e97da740b7957fd_0
2025-05-13 09:07:33,339 - semgrep.rule_match - DEBUG - match_key = ('eval("...") eval(...)', PosixPath('.next/static/chunks/pages/index.js'), 'config..semgrep.vendored-rules.javascript.browser.security.eval-detected') match_id = c8c0ee1ce524aa23102314611601ab7d362ae424fc9f28076d4b1cda6cbebcd9da53f7a9d8a1ce4350ae80ab55f16563bffa841486e52cc1c3971b97e14f9187_0
2025-05-13 09:07:33,347 - semgrep.rule_match - DEBUG - match_key = ('eval("...") eval(...)', PosixPath('.next/static/chunks/pages/index.js'), 'config..semgrep.vendored-rules.javascript.browser.security.eval-detected') match_id = c8c0ee1ce524aa23102314611601ab7d362ae424fc9f28076d4b1cda6cbebcd9da53f7a9d8a1ce4350ae80ab55f16563bffa841486e52cc1c3971b97e14f9187_0
2025-05-13 09:07:33,355 - semgrep.rule_match - DEBUG - match_key = ('eval("...") eval(...)', PosixPath('.next/static/chunks/pages/index.js'), 'config..semgrep.vendored-rules.javascript.browser.security.eval-detected') match_id = c8c0ee1ce524aa23102314611601ab7d362ae424fc9f28076d4b1cda6cbebcd9da53f7a9d8a1ce4350ae80ab55f16563bffa841486e52cc1c3971b97e14f9187_1
2025-05-13 09:07:33,360 - semgrep.rule_match - DEBUG - match_key = ('', PosixPath('.next/static/chunks/pages/index.js'), 'config..semgrep.vendored-rules.javascript.browser.security.eval-detected') match_id = b99b0e32ca4305d5a723283775c54b882d50bbdb5d030e3e9abeff582689b7cfc3fdf438c254f2997b68558f89a06ea235ca0b9c50882f315e97da740b7957fd_0
2025-05-13 09:07:33,365 - semgrep.rule_match - DEBUG - match_key = ('eval("...") eval(...)', PosixPath('.next/static/chunks/pages/index.js'), 'config..semgrep.vendored-rules.javascript.browser.security.eval-detected') match_id = c8c0ee1ce524aa23102314611601ab7d362ae424fc9f28076d4b1cda6cbebcd9da53f7a9d8a1ce4350ae80ab55f16563bffa841486e52cc1c3971b97e14f9187_0
2025-05-13 09:07:33,371 - semgrep.rule_match - DEBUG - match_key = ('eval("...") eval(...)', PosixPath('.next/static/chunks/pages/index.js'), 'config..semgrep.vendored-rules.javascript.browser.security.eval-detected') match_id = c8c0ee1ce524aa23102314611601ab7d362ae424fc9f28076d4b1cda6cbebcd9da53f7a9d8a1ce4350ae80ab55f16563bffa841486e52cc1c3971b97e14f9187_0
2025-05-13 09:07:33,376 - semgrep.rule_match - DEBUG - match_key = ('eval("...") eval(...)', PosixPath('.next/static/chunks/pages/index.js'), 'config..semgrep.vendored-rules.javascript.browser.security.eval-detected') match_id = c8c0ee1ce524aa23102314611601ab7d362ae424fc9f28076d4b1cda6cbebcd9da53f7a9d8a1ce4350ae80ab55f16563bffa841486e52cc1c3971b97e14f9187_2
2025-05-13 09:07:33,385 - semgrep.rule_match - DEBUG - match_key = ('', PosixPath('.next/static/chunks/pages/index.js'), 'config..semgrep.vendored-rules.javascript.browser.security.eval-detected') match_id = b99b0e32ca4305d5a723283775c54b882d50bbdb5d030e3e9abeff582689b7cfc3fdf438c254f2997b68558f89a06ea235ca0b9c50882f315e97da740b7957fd_0
2025-05-13 09:07:33,400 - semgrep.rule_match - DEBUG - match_key = ('eval("...") eval(...)', PosixPath('.next/static/chunks/pages/index.js'), 'config..semgrep.vendored-rules.javascript.browser.security.eval-detected') match_id = c8c0ee1ce524aa23102314611601ab7d362ae424fc9f28076d4b1cda6cbebcd9da53f7a9d8a1ce4350ae80ab55f16563bffa841486e52cc1c3971b97e14f9187_0
2025-05-13 09:07:33,410 - semgrep.rule_match - DEBUG - match_key = ('eval("...") eval(...)', PosixPath('.next/static/chunks/pages/index.js'), 'config..semgrep.vendored-rules.javascript.browser.security.eval-detected') match_id = c8c0ee1ce524aa23102314611601ab7d362ae424fc9f28076d4b1cda6cbebcd9da53f7a9d8a1ce4350ae80ab55f16563bffa841486e52cc1c3971b97e14f9187_0
2025-05-13 09:07:33,419 - semgrep.rule_match - DEBUG - match_key = ('eval("...") eval(...)', PosixPath('.next/static/chunks/pages/index.js'), 'config..semgrep.vendored-rules.javascript.browser.security.eval-detected') match_id = c8c0ee1ce524aa23102314611601ab7d362ae424fc9f28076d4b1cda6cbebcd9da53f7a9d8a1ce4350ae80ab55f16563bffa841486e52cc1c3971b97e14f9187_3
2025-05-13 09:07:33,424 - semgrep.rule_match - DEBUG - match_key = ('', PosixPath('.next/static/chunks/pages/index.js'), 'config..semgrep.vendored-rules.javascript.browser.security.eval-detected') match_id = b99b0e32ca4305d5a723283775c54b882d50bbdb5d030e3e9abeff582689b7cfc3fdf438c254f2997b68558f89a06ea235ca0b9c50882f315e97da740b7957fd_0
2025-05-13 09:07:33,429 - semgrep.rule_match - DEBUG - match_key = ('eval("...") eval(...)', PosixPath('.next/static/chunks/pages/index.js'), 'config..semgrep.vendored-rules.javascript.browser.security.eval-detected') match_id = c8c0ee1ce524aa23102314611601ab7d362ae424fc9f28076d4b1cda6cbebcd9da53f7a9d8a1ce4350ae80ab55f16563bffa841486e52cc1c3971b97e14f9187_0
2025-05-13 09:07:33,433 - semgrep.rule_match - DEBUG - match_key = ('eval("...") eval(...)', PosixPath('.next/static/chunks/pages/index.js'), 'config..semgrep.vendored-rules.javascript.browser.security.eval-detected') match_id = c8c0ee1ce524aa23102314611601ab7d362ae424fc9f28076d4b1cda6cbebcd9da53f7a9d8a1ce4350ae80ab55f16563bffa841486e52cc1c3971b97e14f9187_0
2025-05-13 09:07:33,440 - semgrep.rule_match - DEBUG - match_key = ('eval("...") eval(...)', PosixPath('.next/static/chunks/pages/index.js'), 'config..semgrep.vendored-rules.javascript.browser.security.eval-detected') match_id = c8c0ee1ce524aa23102314611601ab7d362ae424fc9f28076d4b1cda6cbebcd9da53f7a9d8a1ce4350ae80ab55f16563bffa841486e52cc1c3971b97e14f9187_4
2025-05-13 09:07:33,457 - semgrep.rule_match - DEBUG - match_key = ('', PosixPath('.next/static/chunks/pages/index.js'), 'config..semgrep.vendored-rules.javascript.browser.security.eval-detected') match_id = b99b0e32ca4305d5a723283775c54b882d50bbdb5d030e3e9abeff582689b7cfc3fdf438c254f2997b68558f89a06ea235ca0b9c50882f315e97da740b7957fd_0
2025-05-13 09:07:33,473 - semgrep.rule_match - DEBUG - match_key = ('eval("...") eval(...)', PosixPath('.next/static/chunks/pages/index.js'), 'config..semgrep.vendored-rules.javascript.browser.security.eval-detected') match_id = c8c0ee1ce524aa23102314611601ab7d362ae424fc9f28076d4b1cda6cbebcd9da53f7a9d8a1ce4350ae80ab55f16563bffa841486e52cc1c3971b97e14f9187_0
2025-05-13 09:07:33,491 - semgrep.rule_match - DEBUG - match_key = ('eval("...") eval(...)', PosixPath('.next/static/chunks/pages/index.js'), 'config..semgrep.vendored-rules.javascript.browser.security.eval-detected') match_id = c8c0ee1ce524aa23102314611601ab7d362ae424fc9f28076d4b1cda6cbebcd9da53f7a9d8a1ce4350ae80ab55f16563bffa841486e52cc1c3971b97e14f9187_0
2025-05-13 09:07:33,508 - semgrep.rule_match - DEBUG - match_key = ('eval("...") eval(...)', PosixPath('.next/static/chunks/pages/index.js'), 'config..semgrep.vendored-rules.javascript.browser.security.eval-detected') match_id = c8c0ee1ce524aa23102314611601ab7d362ae424fc9f28076d4b1cda6cbebcd9da53f7a9d8a1ce4350ae80ab55f16563bffa841486e52cc1c3971b97e14f9187_5
2025-05-13 09:07:33,523 - semgrep.rule_match - DEBUG - match_key = ('', PosixPath('.next/static/chunks/pages/index.js'), 'config..semgrep.vendored-rules.javascript.browser.security.eval-detected') match_id = b99b0e32ca4305d5a723283775c54b882d50bbdb5d030e3e9abeff582689b7cfc3fdf438c254f2997b68558f89a06ea235ca0b9c50882f315e97da740b7957fd_0
2025-05-13 09:07:33,536 - semgrep.rule_match - DEBUG - match_key = ('eval("...") eval(...)', PosixPath('.next/static/chunks/pages/index.js'), 'config..semgrep.vendored-rules.javascript.browser.security.eval-detected') match_id = c8c0ee1ce524aa23102314611601ab7d362ae424fc9f28076d4b1cda6cbebcd9da53f7a9d8a1ce4350ae80ab55f16563bffa841486e52cc1c3971b97e14f9187_0
2025-05-13 09:07:33,549 - semgrep.rule_match - DEBUG - match_key = ('eval("...") eval(...)', PosixPath('.next/static/chunks/pages/index.js'), 'config..semgrep.vendored-rules.javascript.browser.security.eval-detected') match_id = c8c0ee1ce524aa23102314611601ab7d362ae424fc9f28076d4b1cda6cbebcd9da53f7a9d8a1ce4350ae80ab55f16563bffa841486e52cc1c3971b97e14f9187_0
2025-05-13 09:07:33,562 - semgrep.rule_match - DEBUG - match_key = ('eval("...") eval(...)', PosixPath('.next/static/chunks/pages/index.js'), 'config..semgrep.vendored-rules.javascript.browser.security.eval-detected') match_id = c8c0ee1ce524aa23102314611601ab7d362ae424fc9f28076d4b1cda6cbebcd9da53f7a9d8a1ce4350ae80ab55f16563bffa841486e52cc1c3971b97e14f9187_6
2025-05-13 09:07:33,572 - semgrep.rule_match - DEBUG - match_key = ('', PosixPath('.next/static/chunks/pages/index.js'), 'config..semgrep.vendored-rules.javascript.browser.security.eval-detected') match_id = b99b0e32ca4305d5a723283775c54b882d50bbdb5d030e3e9abeff582689b7cfc3fdf438c254f2997b68558f89a06ea235ca0b9c50882f315e97da740b7957fd_0
2025-05-13 09:07:33,586 - semgrep.rule_match - DEBUG - match_key = ('eval("...") eval(...)', PosixPath('.next/static/chunks/pages/index.js'), 'config..semgrep.vendored-rules.javascript.browser.security.eval-detected') match_id = c8c0ee1ce524aa23102314611601ab7d362ae424fc9f28076d4b1cda6cbebcd9da53f7a9d8a1ce4350ae80ab55f16563bffa841486e52cc1c3971b97e14f9187_0
2025-05-13 09:07:33,597 - semgrep.rule_match - DEBUG - match_key = ('eval("...") eval(...)', PosixPath('.next/static/chunks/pages/index.js'), 'config..semgrep.vendored-rules.javascript.browser.security.eval-detected') match_id = c8c0ee1ce524aa23102314611601ab7d362ae424fc9f28076d4b1cda6cbebcd9da53f7a9d8a1ce4350ae80ab55f16563bffa841486e52cc1c3971b97e14f9187_0
2025-05-13 09:07:33,608 - semgrep.rule_match - DEBUG - match_key = ('eval("...") eval(...)', PosixPath('.next/static/chunks/pages/index.js'), 'config..semgrep.vendored-rules.javascript.browser.security.eval-detected') match_id = c8c0ee1ce524aa23102314611601ab7d362ae424fc9f28076d4b1cda6cbebcd9da53f7a9d8a1ce4350ae80ab55f16563bffa841486e52cc1c3971b97e14f9187_7
2025-05-13 09:07:33,611 - semgrep.rule_match - DEBUG - match_key = ('', PosixPath('.next/static/chunks/pages/index.js'), 'config..semgrep.vendored-rules.javascript.browser.security.eval-detected') match_id = b99b0e32ca4305d5a723283775c54b882d50bbdb5d030e3e9abeff582689b7cfc3fdf438c254f2997b68558f89a06ea235ca0b9c50882f315e97da740b7957fd_0
2025-05-13 09:07:33,615 - semgrep.rule_match - DEBUG - match_key = ('eval("...") eval(...)', PosixPath('.next/static/chunks/pages/index.js'), 'config..semgrep.vendored-rules.javascript.browser.security.eval-detected') match_id = c8c0ee1ce524aa23102314611601ab7d362ae424fc9f28076d4b1cda6cbebcd9da53f7a9d8a1ce4350ae80ab55f16563bffa841486e52cc1c3971b97e14f9187_0
2025-05-13 09:07:33,619 - semgrep.rule_match - DEBUG - match_key = ('eval("...") eval(...)', PosixPath('.next/static/chunks/pages/index.js'), 'config..semgrep.vendored-rules.javascript.browser.security.eval-detected') match_id = c8c0ee1ce524aa23102314611601ab7d362ae424fc9f28076d4b1cda6cbebcd9da53f7a9d8a1ce4350ae80ab55f16563bffa841486e52cc1c3971b97e14f9187_0
2025-05-13 09:07:33,622 - semgrep.rule_match - DEBUG - match_key = ('eval("...") eval(...)', PosixPath('.next/static/chunks/pages/index.js'), 'config..semgrep.vendored-rules.javascript.browser.security.eval-detected') match_id = c8c0ee1ce524aa23102314611601ab7d362ae424fc9f28076d4b1cda6cbebcd9da53f7a9d8a1ce4350ae80ab55f16563bffa841486e52cc1c3971b97e14f9187_8
2025-05-13 09:07:33,627 - semgrep.rule_match - DEBUG - match_key = ('', PosixPath('.next/static/chunks/pages/index.js'), 'config..semgrep.vendored-rules.javascript.browser.security.eval-detected') match_id = b99b0e32ca4305d5a723283775c54b882d50bbdb5d030e3e9abeff582689b7cfc3fdf438c254f2997b68558f89a06ea235ca0b9c50882f315e97da740b7957fd_0
2025-05-13 09:07:33,631 - semgrep.rule_match - DEBUG - match_key = ('eval("...") eval(...)', PosixPath('.next/static/chunks/pages/index.js'), 'config..semgrep.vendored-rules.javascript.browser.security.eval-detected') match_id = c8c0ee1ce524aa23102314611601ab7d362ae424fc9f28076d4b1cda6cbebcd9da53f7a9d8a1ce4350ae80ab55f16563bffa841486e52cc1c3971b97e14f9187_0
2025-05-13 09:07:33,636 - semgrep.rule_match - DEBUG - match_key = ('eval("...") eval(...)', PosixPath('.next/static/chunks/pages/index.js'), 'config..semgrep.vendored-rules.javascript.browser.security.eval-detected') match_id = c8c0ee1ce524aa23102314611601ab7d362ae424fc9f28076d4b1cda6cbebcd9da53f7a9d8a1ce4350ae80ab55f16563bffa841486e52cc1c3971b97e14f9187_0
2025-05-13 09:07:33,640 - semgrep.rule_match - DEBUG - match_key = ('eval("...") eval(...)', PosixPath('.next/static/chunks/pages/index.js'), 'config..semgrep.vendored-rules.javascript.browser.security.eval-detected') match_id = c8c0ee1ce524aa23102314611601ab7d362ae424fc9f28076d4b1cda6cbebcd9da53f7a9d8a1ce4350ae80ab55f16563bffa841486e52cc1c3971b97e14f9187_9
2025-05-13 09:07:33,643 - semgrep.rule_match - DEBUG - match_key = ('', PosixPath('.next/static/chunks/pages/index.js'), 'config..semgrep.vendored-rules.javascript.browser.security.eval-detected') match_id = b99b0e32ca4305d5a723283775c54b882d50bbdb5d030e3e9abeff582689b7cfc3fdf438c254f2997b68558f89a06ea235ca0b9c50882f315e97da740b7957fd_0
2025-05-13 09:07:33,646 - semgrep.rule_match - DEBUG - match_key = ('eval("...") eval(...)', PosixPath('.next/static/chunks/pages/index.js'), 'config..semgrep.vendored-rules.javascript.browser.security.eval-detected') match_id = c8c0ee1ce524aa23102314611601ab7d362ae424fc9f28076d4b1cda6cbebcd9da53f7a9d8a1ce4350ae80ab55f16563bffa841486e52cc1c3971b97e14f9187_0
2025-05-13 09:07:33,649 - semgrep.rule_match - DEBUG - match_key = ('eval("...") eval(...)', PosixPath('.next/static/chunks/pages/index.js'), 'config..semgrep.vendored-rules.javascript.browser.security.eval-detected') match_id = c8c0ee1ce524aa23102314611601ab7d362ae424fc9f28076d4b1cda6cbebcd9da53f7a9d8a1ce4350ae80ab55f16563bffa841486e52cc1c3971b97e14f9187_0
2025-05-13 09:07:33,652 - semgrep.rule_match - DEBUG - match_key = ('eval("...") eval(...)', PosixPath('.next/static/chunks/pages/index.js'), 'config..semgrep.vendored-rules.javascript.browser.security.eval-detected') match_id = c8c0ee1ce524aa23102314611601ab7d362ae424fc9f28076d4b1cda6cbebcd9da53f7a9d8a1ce4350ae80ab55f16563bffa841486e52cc1c3971b97e14f9187_10
2025-05-13 09:07:33,655 - semgrep.rule_match - DEBUG - match_key = ('', PosixPath('.next/static/chunks/pages/index.js'), 'config..semgrep.vendored-rules.javascript.browser.security.eval-detected') match_id = b99b0e32ca4305d5a723283775c54b882d50bbdb5d030e3e9abeff582689b7cfc3fdf438c254f2997b68558f89a06ea235ca0b9c50882f315e97da740b7957fd_0
2025-05-13 09:07:33,657 - semgrep.rule_match - DEBUG - match_key = ('eval("...") eval(...)', PosixPath('.next/static/chunks/pages/index.js'), 'config..semgrep.vendored-rules.javascript.browser.security.eval-detected') match_id = c8c0ee1ce524aa23102314611601ab7d362ae424fc9f28076d4b1cda6cbebcd9da53f7a9d8a1ce4350ae80ab55f16563bffa841486e52cc1c3971b97e14f9187_0
2025-05-13 09:07:33,661 - semgrep.rule_match - DEBUG - match_key = ('eval("...") eval(...)', PosixPath('.next/static/chunks/pages/index.js'), 'config..semgrep.vendored-rules.javascript.browser.security.eval-detected') match_id = c8c0ee1ce524aa23102314611601ab7d362ae424fc9f28076d4b1cda6cbebcd9da53f7a9d8a1ce4350ae80ab55f16563bffa841486e52cc1c3971b97e14f9187_0
2025-05-13 09:07:33,664 - semgrep.rule_match - DEBUG - match_key = ('eval("...") eval(...)', PosixPath('.next/static/chunks/pages/index.js'), 'config..semgrep.vendored-rules.javascript.browser.security.eval-detected') match_id = c8c0ee1ce524aa23102314611601ab7d362ae424fc9f28076d4b1cda6cbebcd9da53f7a9d8a1ce4350ae80ab55f16563bffa841486e52cc1c3971b97e14f9187_11
2025-05-13 09:07:33,668 - semgrep.rule_match - DEBUG - match_key = ('', PosixPath('.next/static/chunks/pages/index.js'), 'config..semgrep.vendored-rules.javascript.browser.security.eval-detected') match_id = b99b0e32ca4305d5a723283775c54b882d50bbdb5d030e3e9abeff582689b7cfc3fdf438c254f2997b68558f89a06ea235ca0b9c50882f315e97da740b7957fd_0
2025-05-13 09:07:33,672 - semgrep.rule_match - DEBUG - match_key = ('eval("...") eval(...)', PosixPath('.next/static/chunks/pages/index.js'), 'config..semgrep.vendored-rules.javascript.browser.security.eval-detected') match_id = c8c0ee1ce524aa23102314611601ab7d362ae424fc9f28076d4b1cda6cbebcd9da53f7a9d8a1ce4350ae80ab55f16563bffa841486e52cc1c3971b97e14f9187_0
2025-05-13 09:07:33,676 - semgrep.rule_match - DEBUG - match_key = ('eval("...") eval(...)', PosixPath('.next/static/chunks/pages/index.js'), 'config..semgrep.vendored-rules.javascript.browser.security.eval-detected') match_id = c8c0ee1ce524aa23102314611601ab7d362ae424fc9f28076d4b1cda6cbebcd9da53f7a9d8a1ce4350ae80ab55f16563bffa841486e52cc1c3971b97e14f9187_0
2025-05-13 09:07:33,681 - semgrep.rule_match - DEBUG - match_key = ('eval("...") eval(...)', PosixPath('.next/static/chunks/pages/index.js'), 'config..semgrep.vendored-rules.javascript.browser.security.eval-detected') match_id = c8c0ee1ce524aa23102314611601ab7d362ae424fc9f28076d4b1cda6cbebcd9da53f7a9d8a1ce4350ae80ab55f16563bffa841486e52cc1c3971b97e14f9187_12
2025-05-13 09:07:33,683 - semgrep.rule_match - DEBUG - match_key = ('', PosixPath('.next/static/chunks/pages/index.js'), 'config..semgrep.vendored-rules.javascript.browser.security.eval-detected') match_id = b99b0e32ca4305d5a723283775c54b882d50bbdb5d030e3e9abeff582689b7cfc3fdf438c254f2997b68558f89a06ea235ca0b9c50882f315e97da740b7957fd_0
2025-05-13 09:07:33,685 - semgrep.rule_match - DEBUG - match_key = ('eval("...") eval(...)', PosixPath('.next/static/chunks/pages/index.js'), 'config..semgrep.vendored-rules.javascript.browser.security.eval-detected') match_id = c8c0ee1ce524aa23102314611601ab7d362ae424fc9f28076d4b1cda6cbebcd9da53f7a9d8a1ce4350ae80ab55f16563bffa841486e52cc1c3971b97e14f9187_0
2025-05-13 09:07:33,688 - semgrep.rule_match - DEBUG - match_key = ('eval("...") eval(...)', PosixPath('.next/static/chunks/pages/index.js'), 'config..semgrep.vendored-rules.javascript.browser.security.eval-detected') match_id = c8c0ee1ce524aa23102314611601ab7d362ae424fc9f28076d4b1cda6cbebcd9da53f7a9d8a1ce4350ae80ab55f16563bffa841486e52cc1c3971b97e14f9187_0
2025-05-13 09:07:33,690 - semgrep.rule_match - DEBUG - match_key = ('eval("...") eval(...)', PosixPath('.next/static/chunks/pages/index.js'), 'config..semgrep.vendored-rules.javascript.browser.security.eval-detected') match_id = c8c0ee1ce524aa23102314611601ab7d362ae424fc9f28076d4b1cda6cbebcd9da53f7a9d8a1ce4350ae80ab55f16563bffa841486e52cc1c3971b97e14f9187_13
2025-05-13 09:07:33,692 - semgrep.rule_match - DEBUG - match_key = ('', PosixPath('.next/static/chunks/pages/index.js'), 'config..semgrep.vendored-rules.javascript.browser.security.eval-detected') match_id = b99b0e32ca4305d5a723283775c54b882d50bbdb5d030e3e9abeff582689b7cfc3fdf438c254f2997b68558f89a06ea235ca0b9c50882f315e97da740b7957fd_0
2025-05-13 09:07:33,693 - semgrep.rule_match - DEBUG - match_key = ('eval("...") eval(...)', PosixPath('.next/static/chunks/pages/index.js'), 'config..semgrep.vendored-rules.javascript.browser.security.eval-detected') match_id = c8c0ee1ce524aa23102314611601ab7d362ae424fc9f28076d4b1cda6cbebcd9da53f7a9d8a1ce4350ae80ab55f16563bffa841486e52cc1c3971b97e14f9187_0
2025-05-13 09:07:33,694 - semgrep.rule_match - DEBUG - match_key = ('eval("...") eval(...)', PosixPath('.next/static/chunks/pages/index.js'), 'config..semgrep.vendored-rules.javascript.browser.security.eval-detected') match_id = c8c0ee1ce524aa23102314611601ab7d362ae424fc9f28076d4b1cda6cbebcd9da53f7a9d8a1ce4350ae80ab55f16563bffa841486e52cc1c3971b97e14f9187_0
2025-05-13 09:07:33,696 - semgrep.rule_match - DEBUG - match_key = ('eval("...") eval(...)', PosixPath('.next/static/chunks/pages/index.js'), 'config..semgrep.vendored-rules.javascript.browser.security.eval-detected') match_id = c8c0ee1ce524aa23102314611601ab7d362ae424fc9f28076d4b1cda6cbebcd9da53f7a9d8a1ce4350ae80ab55f16563bffa841486e52cc1c3971b97e14f9187_14
2025-05-13 09:07:33,698 - semgrep.rule_match - DEBUG - match_key = ('', PosixPath('.next/static/chunks/pages/index.js'), 'config..semgrep.vendored-rules.javascript.browser.security.eval-detected') match_id = b99b0e32ca4305d5a723283775c54b882d50bbdb5d030e3e9abeff582689b7cfc3fdf438c254f2997b68558f89a06ea235ca0b9c50882f315e97da740b7957fd_0
2025-05-13 09:07:33,701 - semgrep.rule_match - DEBUG - match_key = ('eval("...") eval(...)', PosixPath('.next/static/chunks/pages/index.js'), 'config..semgrep.vendored-rules.javascript.browser.security.eval-detected') match_id = c8c0ee1ce524aa23102314611601ab7d362ae424fc9f28076d4b1cda6cbebcd9da53f7a9d8a1ce4350ae80ab55f16563bffa841486e52cc1c3971b97e14f9187_0
2025-05-13 09:07:33,703 - semgrep.rule_match - DEBUG - match_key = ('eval("...") eval(...)', PosixPath('.next/static/chunks/pages/index.js'), 'config..semgrep.vendored-rules.javascript.browser.security.eval-detected') match_id = c8c0ee1ce524aa23102314611601ab7d362ae424fc9f28076d4b1cda6cbebcd9da53f7a9d8a1ce4350ae80ab55f16563bffa841486e52cc1c3971b97e14f9187_0
2025-05-13 09:07:33,706 - semgrep.rule_match - DEBUG - match_key = ('eval("...") eval(...)', PosixPath('.next/static/chunks/pages/index.js'), 'config..semgrep.vendored-rules.javascript.browser.security.eval-detected') match_id = c8c0ee1ce524aa23102314611601ab7d362ae424fc9f28076d4b1cda6cbebcd9da53f7a9d8a1ce4350ae80ab55f16563bffa841486e52cc1c3971b97e14f9187_15
2025-05-13 09:07:33,720 - semgrep.rule_match - DEBUG - match_key = ('', PosixPath('.next/static/chunks/pages/index.js'), 'config..semgrep.vendored-rules.javascript.browser.security.eval-detected') match_id = b99b0e32ca4305d5a723283775c54b882d50bbdb5d030e3e9abeff582689b7cfc3fdf438c254f2997b68558f89a06ea235ca0b9c50882f315e97da740b7957fd_0
2025-05-13 09:07:33,742 - semgrep.rule_match - DEBUG - match_key = ('eval("...") eval(...)', PosixPath('.next/static/chunks/pages/index.js'), 'config..semgrep.vendored-rules.javascript.browser.security.eval-detected') match_id = c8c0ee1ce524aa23102314611601ab7d362ae424fc9f28076d4b1cda6cbebcd9da53f7a9d8a1ce4350ae80ab55f16563bffa841486e52cc1c3971b97e14f9187_0
2025-05-13 09:07:33,762 - semgrep.rule_match - DEBUG - match_key = ('eval("...") eval(...)', PosixPath('.next/static/chunks/pages/index.js'), 'config..semgrep.vendored-rules.javascript.browser.security.eval-detected') match_id = c8c0ee1ce524aa23102314611601ab7d362ae424fc9f28076d4b1cda6cbebcd9da53f7a9d8a1ce4350ae80ab55f16563bffa841486e52cc1c3971b97e14f9187_0
2025-05-13 09:07:33,777 - semgrep.rule_match - DEBUG - match_key = ('eval("...") eval(...)', PosixPath('.next/static/chunks/pages/index.js'), 'config..semgrep.vendored-rules.javascript.browser.security.eval-detected') match_id = c8c0ee1ce524aa23102314611601ab7d362ae424fc9f28076d4b1cda6cbebcd9da53f7a9d8a1ce4350ae80ab55f16563bffa841486e52cc1c3971b97e14f9187_16
2025-05-13 09:07:33,782 - semgrep.rule_match - DEBUG - match_key = ('', PosixPath('.next/static/chunks/pages/index.js'), 'config..semgrep.vendored-rules.javascript.browser.security.eval-detected') match_id = b99b0e32ca4305d5a723283775c54b882d50bbdb5d030e3e9abeff582689b7cfc3fdf438c254f2997b68558f89a06ea235ca0b9c50882f315e97da740b7957fd_0
2025-05-13 09:07:33,786 - semgrep.rule_match - DEBUG - match_key = ('eval("...") eval(...)', PosixPath('.next/static/chunks/pages/index.js'), 'config..semgrep.vendored-rules.javascript.browser.security.eval-detected') match_id = c8c0ee1ce524aa23102314611601ab7d362ae424fc9f28076d4b1cda6cbebcd9da53f7a9d8a1ce4350ae80ab55f16563bffa841486e52cc1c3971b97e14f9187_0
2025-05-13 09:07:33,791 - semgrep.rule_match - DEBUG - match_key = ('eval("...") eval(...)', PosixPath('.next/static/chunks/pages/index.js'), 'config..semgrep.vendored-rules.javascript.browser.security.eval-detected') match_id = c8c0ee1ce524aa23102314611601ab7d362ae424fc9f28076d4b1cda6cbebcd9da53f7a9d8a1ce4350ae80ab55f16563bffa841486e52cc1c3971b97e14f9187_0
2025-05-13 09:07:33,795 - semgrep.rule_match - DEBUG - match_key = ('eval("...") eval(...)', PosixPath('.next/static/chunks/pages/index.js'), 'config..semgrep.vendored-rules.javascript.browser.security.eval-detected') match_id = c8c0ee1ce524aa23102314611601ab7d362ae424fc9f28076d4b1cda6cbebcd9da53f7a9d8a1ce4350ae80ab55f16563bffa841486e52cc1c3971b97e14f9187_17
2025-05-13 09:07:33,799 - semgrep.rule_match - DEBUG - match_key = ('', PosixPath('.next/static/chunks/pages/index.js'), 'config..semgrep.vendored-rules.javascript.browser.security.eval-detected') match_id = b99b0e32ca4305d5a723283775c54b882d50bbdb5d030e3e9abeff582689b7cfc3fdf438c254f2997b68558f89a06ea235ca0b9c50882f315e97da740b7957fd_0
2025-05-13 09:07:33,802 - semgrep.rule_match - DEBUG - match_key = ('eval("...") eval(...)', PosixPath('.next/static/chunks/pages/index.js'), 'config..semgrep.vendored-rules.javascript.browser.security.eval-detected') match_id = c8c0ee1ce524aa23102314611601ab7d362ae424fc9f28076d4b1cda6cbebcd9da53f7a9d8a1ce4350ae80ab55f16563bffa841486e52cc1c3971b97e14f9187_0
2025-05-13 09:07:33,806 - semgrep.rule_match - DEBUG - match_key = ('eval("...") eval(...)', PosixPath('.next/static/chunks/pages/index.js'), 'config..semgrep.vendored-rules.javascript.browser.security.eval-detected') match_id = c8c0ee1ce524aa23102314611601ab7d362ae424fc9f28076d4b1cda6cbebcd9da53f7a9d8a1ce4350ae80ab55f16563bffa841486e52cc1c3971b97e14f9187_0
2025-05-13 09:07:33,809 - semgrep.rule_match - DEBUG - match_key = ('eval("...") eval(...)', PosixPath('.next/static/chunks/pages/index.js'), 'config..semgrep.vendored-rules.javascript.browser.security.eval-detected') match_id = c8c0ee1ce524aa23102314611601ab7d362ae424fc9f28076d4b1cda6cbebcd9da53f7a9d8a1ce4350ae80ab55f16563bffa841486e52cc1c3971b97e14f9187_18
2025-05-13 09:07:33,811 - semgrep.rule_match - DEBUG - match_key = ('', PosixPath('.next/static/chunks/pages/index.js'), 'config..semgrep.vendored-rules.javascript.browser.security.eval-detected') match_id = b99b0e32ca4305d5a723283775c54b882d50bbdb5d030e3e9abeff582689b7cfc3fdf438c254f2997b68558f89a06ea235ca0b9c50882f315e97da740b7957fd_0
2025-05-13 09:07:33,814 - semgrep.rule_match - DEBUG - match_key = ('eval("...") eval(...)', PosixPath('.next/static/chunks/pages/index.js'), 'config..semgrep.vendored-rules.javascript.browser.security.eval-detected') match_id = c8c0ee1ce524aa23102314611601ab7d362ae424fc9f28076d4b1cda6cbebcd9da53f7a9d8a1ce4350ae80ab55f16563bffa841486e52cc1c3971b97e14f9187_0
2025-05-13 09:07:33,817 - semgrep.rule_match - DEBUG - match_key = ('eval("...") eval(...)', PosixPath('.next/static/chunks/pages/index.js'), 'config..semgrep.vendored-rules.javascript.browser.security.eval-detected') match_id = c8c0ee1ce524aa23102314611601ab7d362ae424fc9f28076d4b1cda6cbebcd9da53f7a9d8a1ce4350ae80ab55f16563bffa841486e52cc1c3971b97e14f9187_0
2025-05-13 09:07:33,821 - semgrep.rule_match - DEBUG - match_key = ('eval("...") eval(...)', PosixPath('.next/static/chunks/pages/index.js'), 'config..semgrep.vendored-rules.javascript.browser.security.eval-detected') match_id = c8c0ee1ce524aa23102314611601ab7d362ae424fc9f28076d4b1cda6cbebcd9da53f7a9d8a1ce4350ae80ab55f16563bffa841486e52cc1c3971b97e14f9187_19
2025-05-13 09:07:33,823 - semgrep.rule_match - DEBUG - match_key = ('', PosixPath('.next/static/chunks/pages/index.js'), 'config..semgrep.vendored-rules.javascript.browser.security.eval-detected') match_id = b99b0e32ca4305d5a723283775c54b882d50bbdb5d030e3e9abeff582689b7cfc3fdf438c254f2997b68558f89a06ea235ca0b9c50882f315e97da740b7957fd_0
2025-05-13 09:07:33,825 - semgrep.rule_match - DEBUG - match_key = ('eval("...") eval(...)', PosixPath('.next/static/chunks/pages/index.js'), 'config..semgrep.vendored-rules.javascript.browser.security.eval-detected') match_id = c8c0ee1ce524aa23102314611601ab7d362ae424fc9f28076d4b1cda6cbebcd9da53f7a9d8a1ce4350ae80ab55f16563bffa841486e52cc1c3971b97e14f9187_0
2025-05-13 09:07:33,826 - semgrep.rule_match - DEBUG - match_key = ('eval("...") eval(...)', PosixPath('.next/static/chunks/pages/index.js'), 'config..semgrep.vendored-rules.javascript.browser.security.eval-detected') match_id = c8c0ee1ce524aa23102314611601ab7d362ae424fc9f28076d4b1cda6cbebcd9da53f7a9d8a1ce4350ae80ab55f16563bffa841486e52cc1c3971b97e14f9187_0
2025-05-13 09:07:33,828 - semgrep.rule_match - DEBUG - match_key = ('eval("...") eval(...)', PosixPath('.next/static/chunks/pages/index.js'), 'config..semgrep.vendored-rules.javascript.browser.security.eval-detected') match_id = c8c0ee1ce524aa23102314611601ab7d362ae424fc9f28076d4b1cda6cbebcd9da53f7a9d8a1ce4350ae80ab55f16563bffa841486e52cc1c3971b97e14f9187_20
2025-05-13 09:07:33,833 - semgrep.rule_match - DEBUG - match_key = ('', PosixPath('.next/static/chunks/pages/index.js'), 'config..semgrep.vendored-rules.javascript.browser.security.eval-detected') match_id = b99b0e32ca4305d5a723283775c54b882d50bbdb5d030e3e9abeff582689b7cfc3fdf438c254f2997b68558f89a06ea235ca0b9c50882f315e97da740b7957fd_0
2025-05-13 09:07:33,839 - semgrep.rule_match - DEBUG - match_key = ('eval("...") eval(...)', PosixPath('.next/static/chunks/pages/index.js'), 'config..semgrep.vendored-rules.javascript.browser.security.eval-detected') match_id = c8c0ee1ce524aa23102314611601ab7d362ae424fc9f28076d4b1cda6cbebcd9da53f7a9d8a1ce4350ae80ab55f16563bffa841486e52cc1c3971b97e14f9187_0
2025-05-13 09:07:33,845 - semgrep.rule_match - DEBUG - match_key = ('eval("...") eval(...)', PosixPath('.next/static/chunks/pages/index.js'), 'config..semgrep.vendored-rules.javascript.browser.security.eval-detected') match_id = c8c0ee1ce524aa23102314611601ab7d362ae424fc9f28076d4b1cda6cbebcd9da53f7a9d8a1ce4350ae80ab55f16563bffa841486e52cc1c3971b97e14f9187_0
2025-05-13 09:07:33,850 - semgrep.rule_match - DEBUG - match_key = ('eval("...") eval(...)', PosixPath('.next/static/chunks/pages/index.js'), 'config..semgrep.vendored-rules.javascript.browser.security.eval-detected') match_id = c8c0ee1ce524aa23102314611601ab7d362ae424fc9f28076d4b1cda6cbebcd9da53f7a9d8a1ce4350ae80ab55f16563bffa841486e52cc1c3971b97e14f9187_21
2025-05-13 09:07:33,853 - semgrep.rule_match - DEBUG - match_key = ('', PosixPath('.next/static/chunks/pages/index.js'), 'config..semgrep.vendored-rules.javascript.browser.security.eval-detected') match_id = b99b0e32ca4305d5a723283775c54b882d50bbdb5d030e3e9abeff582689b7cfc3fdf438c254f2997b68558f89a06ea235ca0b9c50882f315e97da740b7957fd_0
2025-05-13 09:07:33,859 - semgrep.rule_match - DEBUG - match_key = ('eval("...") eval(...)', PosixPath('.next/static/chunks/pages/index.js'), 'config..semgrep.vendored-rules.javascript.browser.security.eval-detected') match_id = c8c0ee1ce524aa23102314611601ab7d362ae424fc9f28076d4b1cda6cbebcd9da53f7a9d8a1ce4350ae80ab55f16563bffa841486e52cc1c3971b97e14f9187_0
2025-05-13 09:07:33,863 - semgrep.rule_match - DEBUG - match_key = ('eval("...") eval(...)', PosixPath('.next/static/chunks/pages/index.js'), 'config..semgrep.vendored-rules.javascript.browser.security.eval-detected') match_id = c8c0ee1ce524aa23102314611601ab7d362ae424fc9f28076d4b1cda6cbebcd9da53f7a9d8a1ce4350ae80ab55f16563bffa841486e52cc1c3971b97e14f9187_0
2025-05-13 09:07:33,867 - semgrep.rule_match - DEBUG - match_key = ('eval("...") eval(...)', PosixPath('.next/static/chunks/pages/index.js'), 'config..semgrep.vendored-rules.javascript.browser.security.eval-detected') match_id = c8c0ee1ce524aa23102314611601ab7d362ae424fc9f28076d4b1cda6cbebcd9da53f7a9d8a1ce4350ae80ab55f16563bffa841486e52cc1c3971b97e14f9187_22
2025-05-13 09:07:33,888 - semgrep.rule_match - DEBUG - match_key = ('', PosixPath('.next/static/chunks/polyfills.js'), 'config..semgrep.vendored-rules.javascript.lang.security.audit.unsafe-dynamic-method') match_id = 89a487cc101feea9f68e972c0b7e8325343ce6001f11d54426fecfec34e4c4ac3ed64e8eda52f0d21a047de920c63ffbcb603eee5fcb510ae11e45c0d9554f63_0
2025-05-13 09:07:33,915 - semgrep.rule_match - DEBUG - match_key = ('"..."\n (u: float)\n u t[u](...) $Y = t[u]\n...\n$Y(...)\n $SMTH.forEach(...)\n $SMTH.map(...)\n $SMTH.reduce(...)\n $SMTH.reduceRight(...)\n for (...) {...}\n if (<... t.hasOwnProperty(...) ...>) {\n  ...\n}\n...\n', PosixPath('.next/static/chunks/polyfills.js'), 'config..semgrep.vendored-rules.javascript.lang.security.audit.unsafe-dynamic-method') match_id = 427c63f804d006ad706b962caec51df8cb702f39b1b351c347a69245f99b2ecd3426ecda16be29d5343d0de7da24a965d57ea757a03945b73786a847aabaafef_0
2025-05-13 09:07:33,938 - semgrep.rule_match - DEBUG - match_key = ('"..."\n (u: float)\n u t[u](...) $Y = t[u]\n...\n$Y(...)\n $SMTH.forEach(...)\n $SMTH.map(...)\n $SMTH.reduce(...)\n $SMTH.reduceRight(...)\n for (...) {...}\n if (<... t.hasOwnProperty(...) ...>) {\n  ...\n}\n...\n', PosixPath('.next/static/chunks/polyfills.js'), 'config..semgrep.vendored-rules.javascript.lang.security.audit.unsafe-dynamic-method') match_id = 427c63f804d006ad706b962caec51df8cb702f39b1b351c347a69245f99b2ecd3426ecda16be29d5343d0de7da24a965d57ea757a03945b73786a847aabaafef_0
2025-05-13 09:07:33,960 - semgrep.rule_match - DEBUG - match_key = ('"..."\n (u: float)\n u t[u](...) $Y = t[u]\n...\n$Y(...)\n $SMTH.forEach(...)\n $SMTH.map(...)\n $SMTH.reduce(...)\n $SMTH.reduceRight(...)\n for (...) {...}\n if (<... t.hasOwnProperty(...) ...>) {\n  ...\n}\n...\n', PosixPath('.next/static/chunks/polyfills.js'), 'config..semgrep.vendored-rules.javascript.lang.security.audit.unsafe-dynamic-method') match_id = 427c63f804d006ad706b962caec51df8cb702f39b1b351c347a69245f99b2ecd3426ecda16be29d5343d0de7da24a965d57ea757a03945b73786a847aabaafef_0
2025-05-13 09:07:33,982 - semgrep.rule_match - DEBUG - match_key = ('', PosixPath('.next/static/chunks/polyfills.js'), 'config..semgrep.vendored-rules.javascript.lang.security.audit.unsafe-dynamic-method') match_id = 89a487cc101feea9f68e972c0b7e8325343ce6001f11d54426fecfec34e4c4ac3ed64e8eda52f0d21a047de920c63ffbcb603eee5fcb510ae11e45c0d9554f63_0
2025-05-13 09:07:34,009 - semgrep.rule_match - DEBUG - match_key = ('"..."\n (e: float)\n e Ia[e](...) $Y = Ia[e]\n...\n$Y(...)\n $SMTH.forEach(...)\n $SMTH.map(...)\n $SMTH.reduce(...)\n $SMTH.reduceRight(...)\n for (...) {...}\n if (<... Ia.hasOwnProperty(...) ...>) {\n  ...\n}\n...\n', PosixPath('.next/static/chunks/polyfills.js'), 'config..semgrep.vendored-rules.javascript.lang.security.audit.unsafe-dynamic-method') match_id = d28dd8db2682aa49d51d73ae0cf7481fa42b22ffbd7f80faae4997bfb966c77efa31e31e2bdb6243e3cb180ddfedc26f52528488b190ed9f94c3d76426d78c9e_0
2025-05-13 09:07:34,038 - semgrep.rule_match - DEBUG - match_key = ('"..."\n (e: float)\n e Ia[e](...) $Y = Ia[e]\n...\n$Y(...)\n $SMTH.forEach(...)\n $SMTH.map(...)\n $SMTH.reduce(...)\n $SMTH.reduceRight(...)\n for (...) {...}\n if (<... Ia.hasOwnProperty(...) ...>) {\n  ...\n}\n...\n', PosixPath('.next/static/chunks/polyfills.js'), 'config..semgrep.vendored-rules.javascript.lang.security.audit.unsafe-dynamic-method') match_id = d28dd8db2682aa49d51d73ae0cf7481fa42b22ffbd7f80faae4997bfb966c77efa31e31e2bdb6243e3cb180ddfedc26f52528488b190ed9f94c3d76426d78c9e_0
2025-05-13 09:07:34,063 - semgrep.rule_match - DEBUG - match_key = ('"..."\n (e: float)\n e Ia[e](...) $Y = Ia[e]\n...\n$Y(...)\n $SMTH.forEach(...)\n $SMTH.map(...)\n $SMTH.reduce(...)\n $SMTH.reduceRight(...)\n for (...) {...}\n if (<... Ia.hasOwnProperty(...) ...>) {\n  ...\n}\n...\n', PosixPath('.next/static/chunks/polyfills.js'), 'config..semgrep.vendored-rules.javascript.lang.security.audit.unsafe-dynamic-method') match_id = d28dd8db2682aa49d51d73ae0cf7481fa42b22ffbd7f80faae4997bfb966c77efa31e31e2bdb6243e3cb180ddfedc26f52528488b190ed9f94c3d76426d78c9e_0
2025-05-13 09:07:34,091 - semgrep.rule_match - DEBUG - match_key = ('', PosixPath('.next/static/chunks/polyfills.js'), 'config..semgrep.vendored-rules.javascript.lang.security.audit.unsafe-dynamic-method') match_id = 89a487cc101feea9f68e972c0b7e8325343ce6001f11d54426fecfec34e4c4ac3ed64e8eda52f0d21a047de920c63ffbcb603eee5fcb510ae11e45c0d9554f63_0
2025-05-13 09:07:34,114 - semgrep.rule_match - DEBUG - match_key = ('"..."\n (t: float)\n t ""[t](...) $Y = ""[t]\n...\n$Y(...)\n $SMTH.forEach(...)\n $SMTH.map(...)\n $SMTH.reduce(...)\n $SMTH.reduceRight(...)\n for (...) {...}\n if (<... "".hasOwnProperty(...) ...>) {\n  ...\n}\n...\n', PosixPath('.next/static/chunks/polyfills.js'), 'config..semgrep.vendored-rules.javascript.lang.security.audit.unsafe-dynamic-method') match_id = 0073360dd364ab458e564f062ebb53730ee6c5a1599a021b8c1f58074b12d96601e91d77f78d2940bb385e8d24077c059476389c7aab22ed0a788d45e92a039c_0
2025-05-13 09:07:34,137 - semgrep.rule_match - DEBUG - match_key = ('"..."\n (t: float)\n t ""[t](...) $Y = ""[t]\n...\n$Y(...)\n $SMTH.forEach(...)\n $SMTH.map(...)\n $SMTH.reduce(...)\n $SMTH.reduceRight(...)\n for (...) {...}\n if (<... "".hasOwnProperty(...) ...>) {\n  ...\n}\n...\n', PosixPath('.next/static/chunks/polyfills.js'), 'config..semgrep.vendored-rules.javascript.lang.security.audit.unsafe-dynamic-method') match_id = 0073360dd364ab458e564f062ebb53730ee6c5a1599a021b8c1f58074b12d96601e91d77f78d2940bb385e8d24077c059476389c7aab22ed0a788d45e92a039c_0
2025-05-13 09:07:34,159 - semgrep.rule_match - DEBUG - match_key = ('"..."\n (t: float)\n t ""[t](...) $Y = ""[t]\n...\n$Y(...)\n $SMTH.forEach(...)\n $SMTH.map(...)\n $SMTH.reduce(...)\n $SMTH.reduceRight(...)\n for (...) {...}\n if (<... "".hasOwnProperty(...) ...>) {\n  ...\n}\n...\n', PosixPath('.next/static/chunks/polyfills.js'), 'config..semgrep.vendored-rules.javascript.lang.security.audit.unsafe-dynamic-method') match_id = 0073360dd364ab458e564f062ebb53730ee6c5a1599a021b8c1f58074b12d96601e91d77f78d2940bb385e8d24077c059476389c7aab22ed0a788d45e92a039c_0
2025-05-13 09:07:34,185 - semgrep.rule_match - DEBUG - match_key = ('', PosixPath('.next/static/chunks/polyfills.js'), 'config..semgrep.vendored-rules.javascript.lang.security.audit.unsafe-dynamic-method') match_id = 89a487cc101feea9f68e972c0b7e8325343ce6001f11d54426fecfec34e4c4ac3ed64e8eda52f0d21a047de920c63ffbcb603eee5fcb510ae11e45c0d9554f63_0
2025-05-13 09:07:34,209 - semgrep.rule_match - DEBUG - match_key = ('"..."\n (o: float)\n o r[o](...) $Y = r[o]\n...\n$Y(...)\n $SMTH.forEach(...)\n $SMTH.map(...)\n $SMTH.reduce(...)\n $SMTH.reduceRight(...)\n for (...) {...}\n if (<... r.hasOwnProperty(...) ...>) {\n  ...\n}\n...\n', PosixPath('.next/static/chunks/polyfills.js'), 'config..semgrep.vendored-rules.javascript.lang.security.audit.unsafe-dynamic-method') match_id = 78a05eec881039267e5261251ff25b7d8e5ebfd222fd782708de00d49c5964743124fbdf576c870391a8cd43eae1cb6ac2f9b34b386ce2141e193a579a37d9cf_0
2025-05-13 09:07:34,232 - semgrep.rule_match - DEBUG - match_key = ('"..."\n (o: float)\n o r[o](...) $Y = r[o]\n...\n$Y(...)\n $SMTH.forEach(...)\n $SMTH.map(...)\n $SMTH.reduce(...)\n $SMTH.reduceRight(...)\n for (...) {...}\n if (<... r.hasOwnProperty(...) ...>) {\n  ...\n}\n...\n', PosixPath('.next/static/chunks/polyfills.js'), 'config..semgrep.vendored-rules.javascript.lang.security.audit.unsafe-dynamic-method') match_id = 78a05eec881039267e5261251ff25b7d8e5ebfd222fd782708de00d49c5964743124fbdf576c870391a8cd43eae1cb6ac2f9b34b386ce2141e193a579a37d9cf_0
2025-05-13 09:07:34,254 - semgrep.rule_match - DEBUG - match_key = ('"..."\n (o: float)\n o r[o](...) $Y = r[o]\n...\n$Y(...)\n $SMTH.forEach(...)\n $SMTH.map(...)\n $SMTH.reduce(...)\n $SMTH.reduceRight(...)\n for (...) {...}\n if (<... r.hasOwnProperty(...) ...>) {\n  ...\n}\n...\n', PosixPath('.next/static/chunks/polyfills.js'), 'config..semgrep.vendored-rules.javascript.lang.security.audit.unsafe-dynamic-method') match_id = 78a05eec881039267e5261251ff25b7d8e5ebfd222fd782708de00d49c5964743124fbdf576c870391a8cd43eae1cb6ac2f9b34b386ce2141e193a579a37d9cf_0
2025-05-13 09:07:34,275 - semgrep.rule_match - DEBUG - match_key = ('', PosixPath('.next/static/chunks/polyfills.js'), 'config..semgrep.vendored-rules.javascript.lang.security.audit.unsafe-dynamic-method') match_id = 89a487cc101feea9f68e972c0b7e8325343ce6001f11d54426fecfec34e4c4ac3ed64e8eda52f0d21a047de920c63ffbcb603eee5fcb510ae11e45c0d9554f63_0
2025-05-13 09:07:34,297 - semgrep.rule_match - DEBUG - match_key = ('"..."\n (t: float)\n t new RegExp(e)[t](...) $Y = new RegExp(e)[t]\n...\n$Y(...)\n $SMTH.forEach(...)\n $SMTH.map(...)\n $SMTH.reduce(...)\n $SMTH.reduceRight(...)\n for (...) {...}\n if (<... new RegExp(e).hasOwnProperty(...) ...>) {\n  ...\n}\n...\n', PosixPath('.next/static/chunks/polyfills.js'), 'config..semgrep.vendored-rules.javascript.lang.security.audit.unsafe-dynamic-method') match_id = 4c7b7c17104f6c87bd66ad08e2428070338a8e9f6a80805c3623097ac7278b4ed318c72b0fe5fc44a45772af21e28ef4b777fbfc932ce29a7b9f40159ca2ac05_0
2025-05-13 09:07:34,319 - semgrep.rule_match - DEBUG - match_key = ('"..."\n (t: float)\n t new RegExp(e)[t](...) $Y = new RegExp(e)[t]\n...\n$Y(...)\n $SMTH.forEach(...)\n $SMTH.map(...)\n $SMTH.reduce(...)\n $SMTH.reduceRight(...)\n for (...) {...}\n if (<... new RegExp(e).hasOwnProperty(...) ...>) {\n  ...\n}\n...\n', PosixPath('.next/static/chunks/polyfills.js'), 'config..semgrep.vendored-rules.javascript.lang.security.audit.unsafe-dynamic-method') match_id = 4c7b7c17104f6c87bd66ad08e2428070338a8e9f6a80805c3623097ac7278b4ed318c72b0fe5fc44a45772af21e28ef4b777fbfc932ce29a7b9f40159ca2ac05_0
2025-05-13 09:07:34,346 - semgrep.rule_match - DEBUG - match_key = ('"..."\n (t: float)\n t new RegExp(e)[t](...) $Y = new RegExp(e)[t]\n...\n$Y(...)\n $SMTH.forEach(...)\n $SMTH.map(...)\n $SMTH.reduce(...)\n $SMTH.reduceRight(...)\n for (...) {...}\n if (<... new RegExp(e).hasOwnProperty(...) ...>) {\n  ...\n}\n...\n', PosixPath('.next/static/chunks/polyfills.js'), 'config..semgrep.vendored-rules.javascript.lang.security.audit.unsafe-dynamic-method') match_id = 4c7b7c17104f6c87bd66ad08e2428070338a8e9f6a80805c3623097ac7278b4ed318c72b0fe5fc44a45772af21e28ef4b777fbfc932ce29a7b9f40159ca2ac05_0
2025-05-13 09:07:34,377 - semgrep.rule_match - DEBUG - match_key = ('', PosixPath('.next/static/chunks/polyfills.js'), 'config..semgrep.vendored-rules.javascript.lang.security.audit.unsafe-dynamic-method') match_id = 89a487cc101feea9f68e972c0b7e8325343ce6001f11d54426fecfec34e4c4ac3ed64e8eda52f0d21a047de920c63ffbcb603eee5fcb510ae11e45c0d9554f63_0
2025-05-13 09:07:34,402 - semgrep.rule_match - DEBUG - match_key = ('"..."\n (Rc: float)\n Rc /./[Rc](...) $Y = /./[Rc]\n...\n$Y(...)\n $SMTH.forEach(...)\n $SMTH.map(...)\n $SMTH.reduce(...)\n $SMTH.reduceRight(...)\n for (...) {...}\n if (<... /./.hasOwnProperty(...) ...>) {\n  ...\n}\n...\n', PosixPath('.next/static/chunks/polyfills.js'), 'config..semgrep.vendored-rules.javascript.lang.security.audit.unsafe-dynamic-method') match_id = 8e16987ca4a55a7e10a38372ee84483597b4e3010597457b7e03855bdfa59c63ade45f1b189bafc2566d7a4e450eca40aaab057f46a612a21fd8cf39ac07c20f_0
2025-05-13 09:07:34,432 - semgrep.rule_match - DEBUG - match_key = ('"..."\n (Rc: float)\n Rc /./[Rc](...) $Y = /./[Rc]\n...\n$Y(...)\n $SMTH.forEach(...)\n $SMTH.map(...)\n $SMTH.reduce(...)\n $SMTH.reduceRight(...)\n for (...) {...}\n if (<... /./.hasOwnProperty(...) ...>) {\n  ...\n}\n...\n', PosixPath('.next/static/chunks/polyfills.js'), 'config..semgrep.vendored-rules.javascript.lang.security.audit.unsafe-dynamic-method') match_id = 8e16987ca4a55a7e10a38372ee84483597b4e3010597457b7e03855bdfa59c63ade45f1b189bafc2566d7a4e450eca40aaab057f46a612a21fd8cf39ac07c20f_0
2025-05-13 09:07:34,457 - semgrep.rule_match - DEBUG - match_key = ('"..."\n (Rc: float)\n Rc /./[Rc](...) $Y = /./[Rc]\n...\n$Y(...)\n $SMTH.forEach(...)\n $SMTH.map(...)\n $SMTH.reduce(...)\n $SMTH.reduceRight(...)\n for (...) {...}\n if (<... /./.hasOwnProperty(...) ...>) {\n  ...\n}\n...\n', PosixPath('.next/static/chunks/polyfills.js'), 'config..semgrep.vendored-rules.javascript.lang.security.audit.unsafe-dynamic-method') match_id = 8e16987ca4a55a7e10a38372ee84483597b4e3010597457b7e03855bdfa59c63ade45f1b189bafc2566d7a4e450eca40aaab057f46a612a21fd8cf39ac07c20f_0
2025-05-13 09:07:34,485 - semgrep.rule_match - DEBUG - match_key = ('', PosixPath('.next/static/chunks/polyfills.js'), 'config..semgrep.vendored-rules.javascript.lang.security.audit.unsafe-dynamic-method') match_id = 89a487cc101feea9f68e972c0b7e8325343ce6001f11d54426fecfec34e4c4ac3ed64e8eda52f0d21a047de920c63ffbcb603eee5fcb510ae11e45c0d9554f63_0
2025-05-13 09:07:34,507 - semgrep.rule_match - DEBUG - match_key = ('"..."\n (t: float)\n t new RegExp(e)[t](...) $Y = new RegExp(e)[t]\n...\n$Y(...)\n $SMTH.forEach(...)\n $SMTH.map(...)\n $SMTH.reduce(...)\n $SMTH.reduceRight(...)\n for (...) {...}\n if (<... new RegExp(e).hasOwnProperty(...) ...>) {\n  ...\n}\n...\n', PosixPath('.next/static/chunks/polyfills.js'), 'config..semgrep.vendored-rules.javascript.lang.security.audit.unsafe-dynamic-method') match_id = 4c7b7c17104f6c87bd66ad08e2428070338a8e9f6a80805c3623097ac7278b4ed318c72b0fe5fc44a45772af21e28ef4b777fbfc932ce29a7b9f40159ca2ac05_0
2025-05-13 09:07:34,529 - semgrep.rule_match - DEBUG - match_key = ('"..."\n (t: float)\n t new RegExp(e)[t](...) $Y = new RegExp(e)[t]\n...\n$Y(...)\n $SMTH.forEach(...)\n $SMTH.map(...)\n $SMTH.reduce(...)\n $SMTH.reduceRight(...)\n for (...) {...}\n if (<... new RegExp(e).hasOwnProperty(...) ...>) {\n  ...\n}\n...\n', PosixPath('.next/static/chunks/polyfills.js'), 'config..semgrep.vendored-rules.javascript.lang.security.audit.unsafe-dynamic-method') match_id = 4c7b7c17104f6c87bd66ad08e2428070338a8e9f6a80805c3623097ac7278b4ed318c72b0fe5fc44a45772af21e28ef4b777fbfc932ce29a7b9f40159ca2ac05_0
2025-05-13 09:07:34,555 - semgrep.rule_match - DEBUG - match_key = ('"..."\n (t: float)\n t new RegExp(e)[t](...) $Y = new RegExp(e)[t]\n...\n$Y(...)\n $SMTH.forEach(...)\n $SMTH.map(...)\n $SMTH.reduce(...)\n $SMTH.reduceRight(...)\n for (...) {...}\n if (<... new RegExp(e).hasOwnProperty(...) ...>) {\n  ...\n}\n...\n', PosixPath('.next/static/chunks/polyfills.js'), 'config..semgrep.vendored-rules.javascript.lang.security.audit.unsafe-dynamic-method') match_id = 4c7b7c17104f6c87bd66ad08e2428070338a8e9f6a80805c3623097ac7278b4ed318c72b0fe5fc44a45772af21e28ef4b777fbfc932ce29a7b9f40159ca2ac05_1
2025-05-13 09:07:34,577 - semgrep.rule_match - DEBUG - match_key = ('', PosixPath('.next/static/chunks/polyfills.js'), 'config..semgrep.vendored-rules.javascript.lang.security.audit.unsafe-dynamic-method') match_id = 89a487cc101feea9f68e972c0b7e8325343ce6001f11d54426fecfec34e4c4ac3ed64e8eda52f0d21a047de920c63ffbcb603eee5fcb510ae11e45c0d9554f63_0
2025-05-13 09:07:34,600 - semgrep.rule_match - DEBUG - match_key = ('"..."\n (t: float)\n t new e[t](...) $Y = new e[t]\n...\n$Y(...)\n $SMTH.forEach(...)\n $SMTH.map(...)\n $SMTH.reduce(...)\n $SMTH.reduceRight(...)\n for (...) {...}\n if (<... new e.hasOwnProperty(...) ...>) {\n  ...\n}\n...\n', PosixPath('.next/static/chunks/polyfills.js'), 'config..semgrep.vendored-rules.javascript.lang.security.audit.unsafe-dynamic-method') match_id = 19fb92d503eec4e54a7de9a9077970e858e1f0f1a326b17b61a1cbc44dc606a7f2ff256bb2efa8cbe4fe8eedf37e8b6da3e625fbb4e4358fbd337ca89c8027d3_0
2025-05-13 09:07:34,623 - semgrep.rule_match - DEBUG - match_key = ('"..."\n (t: float)\n t new e[t](...) $Y = new e[t]\n...\n$Y(...)\n $SMTH.forEach(...)\n $SMTH.map(...)\n $SMTH.reduce(...)\n $SMTH.reduceRight(...)\n for (...) {...}\n if (<... new e.hasOwnProperty(...) ...>) {\n  ...\n}\n...\n', PosixPath('.next/static/chunks/polyfills.js'), 'config..semgrep.vendored-rules.javascript.lang.security.audit.unsafe-dynamic-method') match_id = 19fb92d503eec4e54a7de9a9077970e858e1f0f1a326b17b61a1cbc44dc606a7f2ff256bb2efa8cbe4fe8eedf37e8b6da3e625fbb4e4358fbd337ca89c8027d3_0
2025-05-13 09:07:34,649 - semgrep.rule_match - DEBUG - match_key = ('"..."\n (t: float)\n t new e[t](...) $Y = new e[t]\n...\n$Y(...)\n $SMTH.forEach(...)\n $SMTH.map(...)\n $SMTH.reduce(...)\n $SMTH.reduceRight(...)\n for (...) {...}\n if (<... new e.hasOwnProperty(...) ...>) {\n  ...\n}\n...\n', PosixPath('.next/static/chunks/polyfills.js'), 'config..semgrep.vendored-rules.javascript.lang.security.audit.unsafe-dynamic-method') match_id = 19fb92d503eec4e54a7de9a9077970e858e1f0f1a326b17b61a1cbc44dc606a7f2ff256bb2efa8cbe4fe8eedf37e8b6da3e625fbb4e4358fbd337ca89c8027d3_0
2025-05-13 09:07:34,673 - semgrep.rule_match - DEBUG - match_key = ('', PosixPath('.next/static/chunks/polyfills.js'), 'config..semgrep.vendored-rules.javascript.lang.security.audit.unsafe-dynamic-method') match_id = 89a487cc101feea9f68e972c0b7e8325343ce6001f11d54426fecfec34e4c4ac3ed64e8eda52f0d21a047de920c63ffbcb603eee5fcb510ae11e45c0d9554f63_0
2025-05-13 09:07:34,702 - semgrep.rule_match - DEBUG - match_key = ('"..."\n (t: float)\n t new e[t](...) $Y = new e[t]\n...\n$Y(...)\n $SMTH.forEach(...)\n $SMTH.map(...)\n $SMTH.reduce(...)\n $SMTH.reduceRight(...)\n for (...) {...}\n if (<... new e.hasOwnProperty(...) ...>) {\n  ...\n}\n...\n', PosixPath('.next/static/chunks/polyfills.js'), 'config..semgrep.vendored-rules.javascript.lang.security.audit.unsafe-dynamic-method') match_id = 19fb92d503eec4e54a7de9a9077970e858e1f0f1a326b17b61a1cbc44dc606a7f2ff256bb2efa8cbe4fe8eedf37e8b6da3e625fbb4e4358fbd337ca89c8027d3_0
2025-05-13 09:07:34,730 - semgrep.rule_match - DEBUG - match_key = ('"..."\n (t: float)\n t new e[t](...) $Y = new e[t]\n...\n$Y(...)\n $SMTH.forEach(...)\n $SMTH.map(...)\n $SMTH.reduce(...)\n $SMTH.reduceRight(...)\n for (...) {...}\n if (<... new e.hasOwnProperty(...) ...>) {\n  ...\n}\n...\n', PosixPath('.next/static/chunks/polyfills.js'), 'config..semgrep.vendored-rules.javascript.lang.security.audit.unsafe-dynamic-method') match_id = 19fb92d503eec4e54a7de9a9077970e858e1f0f1a326b17b61a1cbc44dc606a7f2ff256bb2efa8cbe4fe8eedf37e8b6da3e625fbb4e4358fbd337ca89c8027d3_0
2025-05-13 09:07:34,753 - semgrep.rule_match - DEBUG - match_key = ('"..."\n (t: float)\n t new e[t](...) $Y = new e[t]\n...\n$Y(...)\n $SMTH.forEach(...)\n $SMTH.map(...)\n $SMTH.reduce(...)\n $SMTH.reduceRight(...)\n for (...) {...}\n if (<... new e.hasOwnProperty(...) ...>) {\n  ...\n}\n...\n', PosixPath('.next/static/chunks/polyfills.js'), 'config..semgrep.vendored-rules.javascript.lang.security.audit.unsafe-dynamic-method') match_id = 19fb92d503eec4e54a7de9a9077970e858e1f0f1a326b17b61a1cbc44dc606a7f2ff256bb2efa8cbe4fe8eedf37e8b6da3e625fbb4e4358fbd337ca89c8027d3_1
2025-05-13 09:07:34,775 - semgrep.rule_match - DEBUG - match_key = ('', PosixPath('.next/static/chunks/polyfills.js'), 'config..semgrep.vendored-rules.javascript.lang.security.audit.unsafe-dynamic-method') match_id = 89a487cc101feea9f68e972c0b7e8325343ce6001f11d54426fecfec34e4c4ac3ed64e8eda52f0d21a047de920c63ffbcb603eee5fcb510ae11e45c0d9554f63_0
2025-05-13 09:07:34,799 - semgrep.rule_match - DEBUG - match_key = ('"..."\n (t: float)\n t "/./"[t](...) $Y = "/./"[t]\n...\n$Y(...)\n $SMTH.forEach(...)\n $SMTH.map(...)\n $SMTH.reduce(...)\n $SMTH.reduceRight(...)\n for (...) {...}\n if (<... "/./".hasOwnProperty(...) ...>) {\n  ...\n}\n...\n', PosixPath('.next/static/chunks/polyfills.js'), 'config..semgrep.vendored-rules.javascript.lang.security.audit.unsafe-dynamic-method') match_id = 7fde479f8d50e0a6de07093c9911419a23e5a7c79459517eb65266b9ea3d261490ef80fafe59a8efd1d2123b58d8717c6228117348dce3c919ad88b3fd4ac6e2_0
2025-05-13 09:07:34,822 - semgrep.rule_match - DEBUG - match_key = ('"..."\n (t: float)\n t "/./"[t](...) $Y = "/./"[t]\n...\n$Y(...)\n $SMTH.forEach(...)\n $SMTH.map(...)\n $SMTH.reduce(...)\n $SMTH.reduceRight(...)\n for (...) {...}\n if (<... "/./".hasOwnProperty(...) ...>) {\n  ...\n}\n...\n', PosixPath('.next/static/chunks/polyfills.js'), 'config..semgrep.vendored-rules.javascript.lang.security.audit.unsafe-dynamic-method') match_id = 7fde479f8d50e0a6de07093c9911419a23e5a7c79459517eb65266b9ea3d261490ef80fafe59a8efd1d2123b58d8717c6228117348dce3c919ad88b3fd4ac6e2_0
2025-05-13 09:07:34,853 - semgrep.rule_match - DEBUG - match_key = ('"..."\n (t: float)\n t "/./"[t](...) $Y = "/./"[t]\n...\n$Y(...)\n $SMTH.forEach(...)\n $SMTH.map(...)\n $SMTH.reduce(...)\n $SMTH.reduceRight(...)\n for (...) {...}\n if (<... "/./".hasOwnProperty(...) ...>) {\n  ...\n}\n...\n', PosixPath('.next/static/chunks/polyfills.js'), 'config..semgrep.vendored-rules.javascript.lang.security.audit.unsafe-dynamic-method') match_id = 7fde479f8d50e0a6de07093c9911419a23e5a7c79459517eb65266b9ea3d261490ef80fafe59a8efd1d2123b58d8717c6228117348dce3c919ad88b3fd4ac6e2_0
2025-05-13 09:07:34,875 - semgrep.rule_match - DEBUG - match_key = ('', PosixPath('.next/static/chunks/polyfills.js'), 'config..semgrep.vendored-rules.javascript.lang.security.audit.unsafe-dynamic-method') match_id = 89a487cc101feea9f68e972c0b7e8325343ce6001f11d54426fecfec34e4c4ac3ed64e8eda52f0d21a047de920c63ffbcb603eee5fcb510ae11e45c0d9554f63_0
2025-05-13 09:07:34,900 - semgrep.rule_match - DEBUG - match_key = ('"..."\n (t: float)\n t "/./"[t](...) $Y = "/./"[t]\n...\n$Y(...)\n $SMTH.forEach(...)\n $SMTH.map(...)\n $SMTH.reduce(...)\n $SMTH.reduceRight(...)\n for (...) {...}\n if (<... "/./".hasOwnProperty(...) ...>) {\n  ...\n}\n...\n', PosixPath('.next/static/chunks/polyfills.js'), 'config..semgrep.vendored-rules.javascript.lang.security.audit.unsafe-dynamic-method') match_id = 7fde479f8d50e0a6de07093c9911419a23e5a7c79459517eb65266b9ea3d261490ef80fafe59a8efd1d2123b58d8717c6228117348dce3c919ad88b3fd4ac6e2_0
2025-05-13 09:07:34,927 - semgrep.rule_match - DEBUG - match_key = ('"..."\n (t: float)\n t "/./"[t](...) $Y = "/./"[t]\n...\n$Y(...)\n $SMTH.forEach(...)\n $SMTH.map(...)\n $SMTH.reduce(...)\n $SMTH.reduceRight(...)\n for (...) {...}\n if (<... "/./".hasOwnProperty(...) ...>) {\n  ...\n}\n...\n', PosixPath('.next/static/chunks/polyfills.js'), 'config..semgrep.vendored-rules.javascript.lang.security.audit.unsafe-dynamic-method') match_id = 7fde479f8d50e0a6de07093c9911419a23e5a7c79459517eb65266b9ea3d261490ef80fafe59a8efd1d2123b58d8717c6228117348dce3c919ad88b3fd4ac6e2_0
2025-05-13 09:07:34,955 - semgrep.rule_match - DEBUG - match_key = ('"..."\n (t: float)\n t "/./"[t](...) $Y = "/./"[t]\n...\n$Y(...)\n $SMTH.forEach(...)\n $SMTH.map(...)\n $SMTH.reduce(...)\n $SMTH.reduceRight(...)\n for (...) {...}\n if (<... "/./".hasOwnProperty(...) ...>) {\n  ...\n}\n...\n', PosixPath('.next/static/chunks/polyfills.js'), 'config..semgrep.vendored-rules.javascript.lang.security.audit.unsafe-dynamic-method') match_id = 7fde479f8d50e0a6de07093c9911419a23e5a7c79459517eb65266b9ea3d261490ef80fafe59a8efd1d2123b58d8717c6228117348dce3c919ad88b3fd4ac6e2_1
2025-05-13 09:07:34,979 - semgrep.rule_match - DEBUG - match_key = ('', PosixPath('.next/static/chunks/polyfills.js'), 'config..semgrep.vendored-rules.javascript.lang.security.audit.unsafe-dynamic-method') match_id = 89a487cc101feea9f68e972c0b7e8325343ce6001f11d54426fecfec34e4c4ac3ed64e8eda52f0d21a047de920c63ffbcb603eee5fcb510ae11e45c0d9554f63_0
2025-05-13 09:07:35,000 - semgrep.rule_match - DEBUG - match_key = ('"..."\n (t: float)\n t Mi[t](...) $Y = Mi[t]\n...\n$Y(...)\n $SMTH.forEach(...)\n $SMTH.map(...)\n $SMTH.reduce(...)\n $SMTH.reduceRight(...)\n for (...) {...}\n if (<... Mi.hasOwnProperty(...) ...>) {\n  ...\n}\n...\n', PosixPath('.next/static/chunks/polyfills.js'), 'config..semgrep.vendored-rules.javascript.lang.security.audit.unsafe-dynamic-method') match_id = 8df4a085332b8fd49d6fe219d430627e98cf5705a50e07e0609b9fd947732981d90f7bdd174aefb7f877eecfe9b11c1602ec30d3943be69e1830abdefa1abcaa_0
2025-05-13 09:07:35,025 - semgrep.rule_match - DEBUG - match_key = ('"..."\n (t: float)\n t Mi[t](...) $Y = Mi[t]\n...\n$Y(...)\n $SMTH.forEach(...)\n $SMTH.map(...)\n $SMTH.reduce(...)\n $SMTH.reduceRight(...)\n for (...) {...}\n if (<... Mi.hasOwnProperty(...) ...>) {\n  ...\n}\n...\n', PosixPath('.next/static/chunks/polyfills.js'), 'config..semgrep.vendored-rules.javascript.lang.security.audit.unsafe-dynamic-method') match_id = 8df4a085332b8fd49d6fe219d430627e98cf5705a50e07e0609b9fd947732981d90f7bdd174aefb7f877eecfe9b11c1602ec30d3943be69e1830abdefa1abcaa_0
2025-05-13 09:07:35,050 - semgrep.rule_match - DEBUG - match_key = ('"..."\n (t: float)\n t Mi[t](...) $Y = Mi[t]\n...\n$Y(...)\n $SMTH.forEach(...)\n $SMTH.map(...)\n $SMTH.reduce(...)\n $SMTH.reduceRight(...)\n for (...) {...}\n if (<... Mi.hasOwnProperty(...) ...>) {\n  ...\n}\n...\n', PosixPath('.next/static/chunks/polyfills.js'), 'config..semgrep.vendored-rules.javascript.lang.security.audit.unsafe-dynamic-method') match_id = 8df4a085332b8fd49d6fe219d430627e98cf5705a50e07e0609b9fd947732981d90f7bdd174aefb7f877eecfe9b11c1602ec30d3943be69e1830abdefa1abcaa_0
2025-05-13 09:07:35,081 - semgrep.rule_match - DEBUG - match_key = ('', PosixPath('.next/static/chunks/polyfills.js'), 'config..semgrep.vendored-rules.javascript.lang.security.audit.unsafe-dynamic-method') match_id = 89a487cc101feea9f68e972c0b7e8325343ce6001f11d54426fecfec34e4c4ac3ed64e8eda52f0d21a047de920c63ffbcb603eee5fcb510ae11e45c0d9554f63_0
2025-05-13 09:07:35,103 - semgrep.rule_match - DEBUG - match_key = ('"..."\n (t: float)\n t "\u200b\x85\u180e"[t](...) $Y = "\u200b\x85\u180e"[t]\n...\n$Y(...)\n $SMTH.forEach(...)\n $SMTH.map(...)\n $SMTH.reduce(...)\n $SMTH.reduceRight(...)\n for (...) {...}\n if (<... "\u200b\x85\u180e".hasOwnProperty(...) ...>) {\n  ...\n}\n...\n', PosixPath('.next/static/chunks/polyfills.js'), 'config..semgrep.vendored-rules.javascript.lang.security.audit.unsafe-dynamic-method') match_id = 0c4d2cd1b8131478d8541164efbaeec142f46ceb5b48c5d6c24efc76834eaaaa05b0994cf8aa0e5afd8f75dada74fb38a05fc5a20de4499e67172e28c4a26ae1_0
2025-05-13 09:07:35,131 - semgrep.rule_match - DEBUG - match_key = ('"..."\n (t: float)\n t "\u200b\x85\u180e"[t](...) $Y = "\u200b\x85\u180e"[t]\n...\n$Y(...)\n $SMTH.forEach(...)\n $SMTH.map(...)\n $SMTH.reduce(...)\n $SMTH.reduceRight(...)\n for (...) {...}\n if (<... "\u200b\x85\u180e".hasOwnProperty(...) ...>) {\n  ...\n}\n...\n', PosixPath('.next/static/chunks/polyfills.js'), 'config..semgrep.vendored-rules.javascript.lang.security.audit.unsafe-dynamic-method') match_id = 0c4d2cd1b8131478d8541164efbaeec142f46ceb5b48c5d6c24efc76834eaaaa05b0994cf8aa0e5afd8f75dada74fb38a05fc5a20de4499e67172e28c4a26ae1_0
2025-05-13 09:07:35,159 - semgrep.rule_match - DEBUG - match_key = ('"..."\n (t: float)\n t "\u200b\x85\u180e"[t](...) $Y = "\u200b\x85\u180e"[t]\n...\n$Y(...)\n $SMTH.forEach(...)\n $SMTH.map(...)\n $SMTH.reduce(...)\n $SMTH.reduceRight(...)\n for (...) {...}\n if (<... "\u200b\x85\u180e".hasOwnProperty(...) ...>) {\n  ...\n}\n...\n', PosixPath('.next/static/chunks/polyfills.js'), 'config..semgrep.vendored-rules.javascript.lang.security.audit.unsafe-dynamic-method') match_id = 0c4d2cd1b8131478d8541164efbaeec142f46ceb5b48c5d6c24efc76834eaaaa05b0994cf8aa0e5afd8f75dada74fb38a05fc5a20de4499e67172e28c4a26ae1_0
2025-05-13 09:07:35,182 - semgrep.rule_match - DEBUG - match_key = ('', PosixPath('.next/static/chunks/polyfills.js'), 'config..semgrep.vendored-rules.javascript.lang.security.audit.unsafe-dynamic-method') match_id = 89a487cc101feea9f68e972c0b7e8325343ce6001f11d54426fecfec34e4c4ac3ed64e8eda52f0d21a047de920c63ffbcb603eee5fcb510ae11e45c0d9554f63_0
2025-05-13 09:07:35,207 - semgrep.rule_match - DEBUG - match_key = ('"..."\n (t: float)\n t hd(this)[t](...) $Y = hd(this)[t]\n...\n$Y(...)\n $SMTH.forEach(...)\n $SMTH.map(...)\n $SMTH.reduce(...)\n $SMTH.reduceRight(...)\n for (...) {...}\n if (<... hd(this).hasOwnProperty(...) ...>) {\n  ...\n}\n...\n', PosixPath('.next/static/chunks/polyfills.js'), 'config..semgrep.vendored-rules.javascript.lang.security.audit.unsafe-dynamic-method') match_id = 1c226cd0c96d06da329359499a8010c2fe137b16ca3e246928b63a53248ddfca632a46fda62053fa082111e8713f646bca48ee36ca7aac0c7af40ec4a4b005b1_0
2025-05-13 09:07:35,234 - semgrep.rule_match - DEBUG - match_key = ('"..."\n (t: float)\n t hd(this)[t](...) $Y = hd(this)[t]\n...\n$Y(...)\n $SMTH.forEach(...)\n $SMTH.map(...)\n $SMTH.reduce(...)\n $SMTH.reduceRight(...)\n for (...) {...}\n if (<... hd(this).hasOwnProperty(...) ...>) {\n  ...\n}\n...\n', PosixPath('.next/static/chunks/polyfills.js'), 'config..semgrep.vendored-rules.javascript.lang.security.audit.unsafe-dynamic-method') match_id = 1c226cd0c96d06da329359499a8010c2fe137b16ca3e246928b63a53248ddfca632a46fda62053fa082111e8713f646bca48ee36ca7aac0c7af40ec4a4b005b1_0
2025-05-13 09:07:35,264 - semgrep.rule_match - DEBUG - match_key = ('"..."\n (t: float)\n t hd(this)[t](...) $Y = hd(this)[t]\n...\n$Y(...)\n $SMTH.forEach(...)\n $SMTH.map(...)\n $SMTH.reduce(...)\n $SMTH.reduceRight(...)\n for (...) {...}\n if (<... hd(this).hasOwnProperty(...) ...>) {\n  ...\n}\n...\n', PosixPath('.next/static/chunks/polyfills.js'), 'config..semgrep.vendored-rules.javascript.lang.security.audit.unsafe-dynamic-method') match_id = 1c226cd0c96d06da329359499a8010c2fe137b16ca3e246928b63a53248ddfca632a46fda62053fa082111e8713f646bca48ee36ca7aac0c7af40ec4a4b005b1_0
2025-05-13 09:07:35,286 - semgrep.rule_match - DEBUG - match_key = ('', PosixPath('.next/static/chunks/polyfills.js'), 'config..semgrep.vendored-rules.javascript.lang.security.audit.unsafe-dynamic-method') match_id = 89a487cc101feea9f68e972c0b7e8325343ce6001f11d54426fecfec34e4c4ac3ed64e8eda52f0d21a047de920c63ffbcb603eee5fcb510ae11e45c0d9554f63_0
2025-05-13 09:07:35,310 - semgrep.rule_match - DEBUG - match_key = ('"..."\n (e: float)\n e hd(this)[e](...) $Y = hd(this)[e]\n...\n$Y(...)\n $SMTH.forEach(...)\n $SMTH.map(...)\n $SMTH.reduce(...)\n $SMTH.reduceRight(...)\n for (...) {...}\n if (<... hd(this).hasOwnProperty(...) ...>) {\n  ...\n}\n...\n', PosixPath('.next/static/chunks/polyfills.js'), 'config..semgrep.vendored-rules.javascript.lang.security.audit.unsafe-dynamic-method') match_id = 6abbd18974db33ec12240e803cd9967ea5a9cd66875b3b465ab0e7b9a0e4bce566bb72c156af963f0aff4e95c744482e3ae50622f50452e0f6ce69eec56333fe_0
2025-05-13 09:07:35,338 - semgrep.rule_match - DEBUG - match_key = ('"..."\n (e: float)\n e hd(this)[e](...) $Y = hd(this)[e]\n...\n$Y(...)\n $SMTH.forEach(...)\n $SMTH.map(...)\n $SMTH.reduce(...)\n $SMTH.reduceRight(...)\n for (...) {...}\n if (<... hd(this).hasOwnProperty(...) ...>) {\n  ...\n}\n...\n', PosixPath('.next/static/chunks/polyfills.js'), 'config..semgrep.vendored-rules.javascript.lang.security.audit.unsafe-dynamic-method') match_id = 6abbd18974db33ec12240e803cd9967ea5a9cd66875b3b465ab0e7b9a0e4bce566bb72c156af963f0aff4e95c744482e3ae50622f50452e0f6ce69eec56333fe_0
2025-05-13 09:07:35,361 - semgrep.rule_match - DEBUG - match_key = ('"..."\n (e: float)\n e hd(this)[e](...) $Y = hd(this)[e]\n...\n$Y(...)\n $SMTH.forEach(...)\n $SMTH.map(...)\n $SMTH.reduce(...)\n $SMTH.reduceRight(...)\n for (...) {...}\n if (<... hd(this).hasOwnProperty(...) ...>) {\n  ...\n}\n...\n', PosixPath('.next/static/chunks/polyfills.js'), 'config..semgrep.vendored-rules.javascript.lang.security.audit.unsafe-dynamic-method') match_id = 6abbd18974db33ec12240e803cd9967ea5a9cd66875b3b465ab0e7b9a0e4bce566bb72c156af963f0aff4e95c744482e3ae50622f50452e0f6ce69eec56333fe_0
2025-05-13 09:07:35,366 - semgrep.rule_match - DEBUG - match_key = ('', PosixPath('.next/static/chunks/react-refresh.js'), 'config..semgrep.vendored-rules.javascript.browser.security.eval-detected') match_id = f4710093818cf182df4c77aead3dda333952025925eb2c3482b5da63e8c814bb23dfacdacb0f2128c5eca73160ca1d234bbabe33f8295fbb1a56fb31adb3348b_0
2025-05-13 09:07:35,372 - semgrep.rule_match - DEBUG - match_key = ('eval("...") eval(...)', PosixPath('.next/static/chunks/react-refresh.js'), 'config..semgrep.vendored-rules.javascript.browser.security.eval-detected') match_id = 03cd199162baa6270ec8031e2f187e92c32fecc07e5861eba0e0f98dd1b99c3d15909f68098cd9ec1b7d92a9e2225cadb1ba2482de23b84605e843ae2dcb24ee_0
2025-05-13 09:07:35,378 - semgrep.rule_match - DEBUG - match_key = ('eval("...") eval(...)', PosixPath('.next/static/chunks/react-refresh.js'), 'config..semgrep.vendored-rules.javascript.browser.security.eval-detected') match_id = 03cd199162baa6270ec8031e2f187e92c32fecc07e5861eba0e0f98dd1b99c3d15909f68098cd9ec1b7d92a9e2225cadb1ba2482de23b84605e843ae2dcb24ee_0
2025-05-13 09:07:35,383 - semgrep.rule_match - DEBUG - match_key = ('eval("...") eval(...)', PosixPath('.next/static/chunks/react-refresh.js'), 'config..semgrep.vendored-rules.javascript.browser.security.eval-detected') match_id = 03cd199162baa6270ec8031e2f187e92c32fecc07e5861eba0e0f98dd1b99c3d15909f68098cd9ec1b7d92a9e2225cadb1ba2482de23b84605e843ae2dcb24ee_0
2025-05-13 09:07:35,384 - semgrep.rule_match - DEBUG - match_key = ('', PosixPath('.next/static/chunks/react-refresh.js'), 'config..semgrep.vendored-rules.javascript.browser.security.eval-detected') match_id = f4710093818cf182df4c77aead3dda333952025925eb2c3482b5da63e8c814bb23dfacdacb0f2128c5eca73160ca1d234bbabe33f8295fbb1a56fb31adb3348b_0
2025-05-13 09:07:35,386 - semgrep.rule_match - DEBUG - match_key = ('eval("...") eval(...)', PosixPath('.next/static/chunks/react-refresh.js'), 'config..semgrep.vendored-rules.javascript.browser.security.eval-detected') match_id = 03cd199162baa6270ec8031e2f187e92c32fecc07e5861eba0e0f98dd1b99c3d15909f68098cd9ec1b7d92a9e2225cadb1ba2482de23b84605e843ae2dcb24ee_0
2025-05-13 09:07:35,387 - semgrep.rule_match - DEBUG - match_key = ('eval("...") eval(...)', PosixPath('.next/static/chunks/react-refresh.js'), 'config..semgrep.vendored-rules.javascript.browser.security.eval-detected') match_id = 03cd199162baa6270ec8031e2f187e92c32fecc07e5861eba0e0f98dd1b99c3d15909f68098cd9ec1b7d92a9e2225cadb1ba2482de23b84605e843ae2dcb24ee_0
2025-05-13 09:07:35,389 - semgrep.rule_match - DEBUG - match_key = ('eval("...") eval(...)', PosixPath('.next/static/chunks/react-refresh.js'), 'config..semgrep.vendored-rules.javascript.browser.security.eval-detected') match_id = 03cd199162baa6270ec8031e2f187e92c32fecc07e5861eba0e0f98dd1b99c3d15909f68098cd9ec1b7d92a9e2225cadb1ba2482de23b84605e843ae2dcb24ee_1
2025-05-13 09:07:35,404 - semgrep.rule_match - DEBUG - match_key = ('', PosixPath('.next/static/chunks/react-refresh.js'), 'config..semgrep.vendored-rules.javascript.browser.security.eval-detected') match_id = f4710093818cf182df4c77aead3dda333952025925eb2c3482b5da63e8c814bb23dfacdacb0f2128c5eca73160ca1d234bbabe33f8295fbb1a56fb31adb3348b_0
2025-05-13 09:07:35,414 - semgrep.rule_match - DEBUG - match_key = ('eval("...") eval(...)', PosixPath('.next/static/chunks/react-refresh.js'), 'config..semgrep.vendored-rules.javascript.browser.security.eval-detected') match_id = 03cd199162baa6270ec8031e2f187e92c32fecc07e5861eba0e0f98dd1b99c3d15909f68098cd9ec1b7d92a9e2225cadb1ba2482de23b84605e843ae2dcb24ee_0
2025-05-13 09:07:35,427 - semgrep.rule_match - DEBUG - match_key = ('eval("...") eval(...)', PosixPath('.next/static/chunks/react-refresh.js'), 'config..semgrep.vendored-rules.javascript.browser.security.eval-detected') match_id = 03cd199162baa6270ec8031e2f187e92c32fecc07e5861eba0e0f98dd1b99c3d15909f68098cd9ec1b7d92a9e2225cadb1ba2482de23b84605e843ae2dcb24ee_0
2025-05-13 09:07:35,439 - semgrep.rule_match - DEBUG - match_key = ('eval("...") eval(...)', PosixPath('.next/static/chunks/react-refresh.js'), 'config..semgrep.vendored-rules.javascript.browser.security.eval-detected') match_id = 03cd199162baa6270ec8031e2f187e92c32fecc07e5861eba0e0f98dd1b99c3d15909f68098cd9ec1b7d92a9e2225cadb1ba2482de23b84605e843ae2dcb24ee_2
2025-05-13 09:07:35,440 - semgrep.rule_match - DEBUG - match_key = ('', PosixPath('.next/static/chunks/react-refresh.js'), 'config..semgrep.vendored-rules.javascript.browser.security.eval-detected') match_id = f4710093818cf182df4c77aead3dda333952025925eb2c3482b5da63e8c814bb23dfacdacb0f2128c5eca73160ca1d234bbabe33f8295fbb1a56fb31adb3348b_0
2025-05-13 09:07:35,441 - semgrep.rule_match - DEBUG - match_key = ('eval("...") eval(...)', PosixPath('.next/static/chunks/react-refresh.js'), 'config..semgrep.vendored-rules.javascript.browser.security.eval-detected') match_id = 03cd199162baa6270ec8031e2f187e92c32fecc07e5861eba0e0f98dd1b99c3d15909f68098cd9ec1b7d92a9e2225cadb1ba2482de23b84605e843ae2dcb24ee_0
2025-05-13 09:07:35,442 - semgrep.rule_match - DEBUG - match_key = ('eval("...") eval(...)', PosixPath('.next/static/chunks/react-refresh.js'), 'config..semgrep.vendored-rules.javascript.browser.security.eval-detected') match_id = 03cd199162baa6270ec8031e2f187e92c32fecc07e5861eba0e0f98dd1b99c3d15909f68098cd9ec1b7d92a9e2225cadb1ba2482de23b84605e843ae2dcb24ee_0
2025-05-13 09:07:35,443 - semgrep.rule_match - DEBUG - match_key = ('eval("...") eval(...)', PosixPath('.next/static/chunks/react-refresh.js'), 'config..semgrep.vendored-rules.javascript.browser.security.eval-detected') match_id = 03cd199162baa6270ec8031e2f187e92c32fecc07e5861eba0e0f98dd1b99c3d15909f68098cd9ec1b7d92a9e2225cadb1ba2482de23b84605e843ae2dcb24ee_3
2025-05-13 09:07:35,444 - semgrep.rule_match - DEBUG - match_key = ('', PosixPath('.next/static/chunks/webpack.js'), 'config..semgrep.vendored-rules.javascript.lang.security.audit.detect-non-literal-require') match_id = 925074e7c8cbbffd34a1e5a90857bca1c5cbdb1497f6b6d6bc5f343c6f3f044a9875b49e97901094610a4e01f199c754226a9ba8e85bbaacae25d05003ff6893_0
2025-05-13 09:07:35,444 - semgrep.rule_match - DEBUG - match_key = ('request function ... (..., request,...) {...} require(...)', PosixPath('.next/static/chunks/webpack.js'), 'config..semgrep.vendored-rules.javascript.lang.security.audit.detect-non-literal-require') match_id = 4811b649831f5114c24f9b67f3ef1f14eb0f77a42e4231420ec17c81845f0064c0444993d4c98c461267aa10478d07c19db5bcb17d9e8faa552fd7a1264aa60a_0
2025-05-13 09:07:35,444 - semgrep.rule_match - DEBUG - match_key = ('request function ... (..., request,...) {...} require(...)', PosixPath('.next/static/chunks/webpack.js'), 'config..semgrep.vendored-rules.javascript.lang.security.audit.detect-non-literal-require') match_id = 4811b649831f5114c24f9b67f3ef1f14eb0f77a42e4231420ec17c81845f0064c0444993d4c98c461267aa10478d07c19db5bcb17d9e8faa552fd7a1264aa60a_0
2025-05-13 09:07:35,445 - semgrep.rule_match - DEBUG - match_key = ('request function ... (..., request,...) {...} require(...)', PosixPath('.next/static/chunks/webpack.js'), 'config..semgrep.vendored-rules.javascript.lang.security.audit.detect-non-literal-require') match_id = 4811b649831f5114c24f9b67f3ef1f14eb0f77a42e4231420ec17c81845f0064c0444993d4c98c461267aa10478d07c19db5bcb17d9e8faa552fd7a1264aa60a_0
2025-05-13 09:07:35,446 - semgrep.rule_match - DEBUG - match_key = ('', PosixPath('.next/static/chunks/webpack.js'), 'config..semgrep.vendored-rules.javascript.lang.security.audit.unsafe-dynamic-method') match_id = a0ba30af5658c95c0798e8309cf2d4a2dda35935e3f64ace7b54305e3cddc8072b3508f6a393716e64cbf6ea9ab394af56a05a46ea799c6be524cb8fbfea49c6_0
2025-05-13 09:07:35,446 - semgrep.rule_match - DEBUG - match_key = ('"..."\n (chunkId: float)\n chunkId waitingUpdateResolves[chunkId](...) $Y = waitingUpdateResolves[chunkId]\n...\n$Y(...)\n $SMTH.forEach(...)\n $SMTH.map(...)\n $SMTH.reduce(...)\n $SMTH.reduceRight(...)\n for (...) {...}\n if (<... waitingUpdateResolves.hasOwnProperty(...) ...>) {\n  ...\n}\n...\n', PosixPath('.next/static/chunks/webpack.js'), 'config..semgrep.vendored-rules.javascript.lang.security.audit.unsafe-dynamic-method') match_id = 02d6dc5a310f0661c1fbe0599f1e038f9c69a99c6fbfd711eb0708c0997a212c222d79ce30efa549536d2c56a1df5c9aa060f060901965f22f442d380f1737d0_0
2025-05-13 09:07:35,447 - semgrep.rule_match - DEBUG - match_key = ('"..."\n (chunkId: float)\n chunkId waitingUpdateResolves[chunkId](...) $Y = waitingUpdateResolves[chunkId]\n...\n$Y(...)\n $SMTH.forEach(...)\n $SMTH.map(...)\n $SMTH.reduce(...)\n $SMTH.reduceRight(...)\n for (...) {...}\n if (<... waitingUpdateResolves.hasOwnProperty(...) ...>) {\n  ...\n}\n...\n', PosixPath('.next/static/chunks/webpack.js'), 'config..semgrep.vendored-rules.javascript.lang.security.audit.unsafe-dynamic-method') match_id = 02d6dc5a310f0661c1fbe0599f1e038f9c69a99c6fbfd711eb0708c0997a212c222d79ce30efa549536d2c56a1df5c9aa060f060901965f22f442d380f1737d0_0
2025-05-13 09:07:35,447 - semgrep.rule_match - DEBUG - match_key = ('"..."\n (chunkId: float)\n chunkId waitingUpdateResolves[chunkId](...) $Y = waitingUpdateResolves[chunkId]\n...\n$Y(...)\n $SMTH.forEach(...)\n $SMTH.map(...)\n $SMTH.reduce(...)\n $SMTH.reduceRight(...)\n for (...) {...}\n if (<... waitingUpdateResolves.hasOwnProperty(...) ...>) {\n  ...\n}\n...\n', PosixPath('.next/static/chunks/webpack.js'), 'config..semgrep.vendored-rules.javascript.lang.security.audit.unsafe-dynamic-method') match_id = 02d6dc5a310f0661c1fbe0599f1e038f9c69a99c6fbfd711eb0708c0997a212c222d79ce30efa549536d2c56a1df5c9aa060f060901965f22f442d380f1737d0_0
2025-05-13 09:07:35,450 - semgrep.core_runner - DEBUG - semgrep ran in 0:00:57.176380 on 125 files
2025-05-13 09:07:35,452 - semgrep.core_runner - DEBUG - findings summary: 48 warning, 0 error, 0 info
2025-05-13 09:07:35,455 - semgrep.app.auth - DEBUG - Getting API token from settings file
2025-05-13 09:07:35,455 - semgrep.app.auth - DEBUG - No API token found in settings file
2025-05-13 09:07:35,457 - semgrep.semgrep_core - DEBUG - Failed to open resource semgrep-core-proprietary: [Errno 2] No such file or directory: '/tmp/_MEIOjU3WI/semgrep/bin/semgrep-core-proprietary'.
2025-05-13 09:07:35,660 - semgrep.output - VERBOSE - 
========================================
Files skipped:
========================================

  Always skipped by Opengrep:

   • <none>

  Skipped by .gitignore:
  (Disable by passing --no-git-ignore)

   • <all files not listed by `git ls-files` were skipped>

  Skipped by .semgrepignore:
  - https://semgrep.dev/docs/ignoring-files-folders-code/#understand-semgrep-defaults

   • <none>

  Skipped by --include patterns:

   • <none>

  Skipped by --exclude patterns:

   • <none>

  Files skipped due to insufficient read permissions:

   • <none>

  Skipped by limiting to files smaller than 1000000 bytes:
  (Adjust with the --max-target-bytes flag)

   • .next/cache/webpack/client-development/1.pack.gz
   • .next/cache/webpack/client-development/11.pack.gz
   • .next/cache/webpack/client-development/12.pack.gz
   • .next/cache/webpack/client-development/4.pack.gz
   • .next/cache/webpack/client-development/6.pack.gz
   • .next/cache/webpack/client-development/7.pack.gz
   • .next/cache/webpack/client-development-fallback/0.pack.gz
   • .next/cache/webpack/server-development/2.pack.gz
   • .next/cache/webpack/server-development/3.pack.gz
   • .next/server/vendor-chunks/next.js
   • .next/static/chunks/main.js
   • .next/static/chunks/pages/_app.js

  Partially analyzed due to parsing or internal Opengrep errors

   • .next/static/chunks/polyfills.js with rule config..semgrep.vendored-rules.javascript.express.security.audit.remote-
     property-injection

2025-05-13 09:07:35,661 - semgrep.output - INFO - Some files were skipped or only partially analyzed.
  Scan was limited to files tracked by git.
  Partially scanned: 1 files only partially analyzed due to parsing or internal Opengrep errors
  Scan skipped: 12 files larger than 1.0 MB
  For a full list of skipped files, run opengrep with the --verbose flag.

Ran 408 rules on 125 files: 48 findings.
2025-05-13 09:07:35,661 - semgrep.app.version - DEBUG - Version cache does not exist
2025-05-13 09:07:35,661 - semgrep.app.version - DEBUG - Version cache does not exist
2025-05-13 09:07:35,683 - semgrep.metrics - VERBOSE - Not sending pseudonymous metrics since metrics are configured to OFF and registry usage is False
